{"C:\\Users\\EMMA\\Desktop\\tikka-contracts\\oracle\\src\\config.ts": {"path":"C:\\Users\\EMMA\\Desktop\\tikka-contracts\\oracle\\src\\config.ts","statementMap":{"0":{"start":{"line":55,"column":0},"end":{"line":55,"column":16}},"1":{"start":{"line":1,"column":0},"end":{"line":1,"column":47}},"2":{"start":{"line":2,"column":0},"end":{"line":2,"column":52}},"3":{"start":{"line":19,"column":14},"end":{"line":19,"column":31}},"4":{"start":{"line":20,"column":2},"end":{"line":22,"column":3}},"5":{"start":{"line":21,"column":4},"end":{"line":21,"column":24}},"6":{"start":{"line":24,"column":16},"end":{"line":24,"column":27}},"7":{"start":{"line":25,"column":2},"end":{"line":28,"column":3}},"8":{"start":{"line":26,"column":4},"end":{"line":26,"column":53}},"9":{"start":{"line":27,"column":4},"end":{"line":27,"column":24}},"10":{"start":{"line":30,"column":2},"end":{"line":30,"column":27}},"11":{"start":{"line":34,"column":18},"end":{"line":34,"column":31}},"12":{"start":{"line":37,"column":2},"end":{"line":44,"column":3}},"13":{"start":{"line":38,"column":4},"end":{"line":43,"column":5}},"14":{"start":{"line":39,"column":6},"end":{"line":39,"column":34}},"15":{"start":{"line":40,"column":6},"end":{"line":40,"column":18}},"16":{"start":{"line":42,"column":6},"end":{"line":42,"column":19}},"17":{"start":{"line":47,"column":2},"end":{"line":52,"column":3}},"18":{"start":{"line":48,"column":20},"end":{"line":48,"column":44}},"19":{"start":{"line":49,"column":4},"end":{"line":49,"column":33}},"20":{"start":{"line":51,"column":4},"end":{"line":51,"column":17}},"21":{"start":{"line":56,"column":27},"end":{"line":56,"column":29}},"22":{"start":{"line":58,"column":20},"end":{"line":58,"column":49}},"23":{"start":{"line":59,"column":2},"end":{"line":63,"column":3}},"24":{"start":{"line":60,"column":4},"end":{"line":60,"column":49}},"25":{"start":{"line":61,"column":9},"end":{"line":63,"column":3}},"26":{"start":{"line":62,"column":4},"end":{"line":62,"column":71}},"27":{"start":{"line":65,"column":17},"end":{"line":65,"column":44}},"28":{"start":{"line":66,"column":2},"end":{"line":68,"column":3}},"29":{"start":{"line":67,"column":4},"end":{"line":67,"column":47}},"30":{"start":{"line":70,"column":28},"end":{"line":70,"column":59}},"31":{"start":{"line":71,"column":2},"end":{"line":73,"column":3}},"32":{"start":{"line":72,"column":4},"end":{"line":72,"column":51}},"33":{"start":{"line":76,"column":4},"end":{"line":76,"column":81}},"34":{"start":{"line":77,"column":25},"end":{"line":77,"column":48}},"35":{"start":{"line":78,"column":2},"end":{"line":80,"column":3}},"36":{"start":{"line":79,"column":4},"end":{"line":79,"column":62}},"37":{"start":{"line":82,"column":26},"end":{"line":82,"column":61}},"38":{"start":{"line":83,"column":32},"end":{"line":83,"column":85}},"39":{"start":{"line":84,"column":27},"end":{"line":84,"column":81}},"40":{"start":{"line":85,"column":31},"end":{"line":85,"column":85}},"41":{"start":{"line":86,"column":31},"end":{"line":86,"column":91}},"42":{"start":{"line":87,"column":39},"end":{"line":87,"column":100}},"43":{"start":{"line":89,"column":2},"end":{"line":95,"column":3}},"44":{"start":{"line":90,"column":4},"end":{"line":90,"column":43}},"45":{"start":{"line":91,"column":4},"end":{"line":93,"column":5}},"46":{"start":{"line":92,"column":6},"end":{"line":92,"column":35}},"47":{"start":{"line":94,"column":4},"end":{"line":94,"column":20}},"48":{"start":{"line":97,"column":2},"end":{"line":109,"column":4}}},"fnMap":{"0":{"name":"readPositiveInt","decl":{"start":{"line":18,"column":9},"end":{"line":18,"column":24}},"loc":{"start":{"line":18,"column":77},"end":{"line":31,"column":1}}},"1":{"name":"isValidSecretKey","decl":{"start":{"line":33,"column":9},"end":{"line":33,"column":25}},"loc":{"start":{"line":33,"column":40},"end":{"line":53,"column":1}}},"2":{"name":"loadAndValidateConfig","decl":{"start":{"line":55,"column":16},"end":{"line":55,"column":37}},"loc":{"start":{"line":55,"column":37},"end":{"line":110,"column":1}}}},"branchMap":{"0":{"loc":{"start":{"line":20,"column":2},"end":{"line":22,"column":3}},"type":"if","locations":[{"start":{"line":20,"column":2},"end":{"line":22,"column":3}}]},"1":{"loc":{"start":{"line":20,"column":6},"end":{"line":20,"column":44}},"type":"binary-expr","locations":[{"start":{"line":20,"column":6},"end":{"line":20,"column":23}},{"start":{"line":20,"column":27},"end":{"line":20,"column":44}}]},"2":{"loc":{"start":{"line":25,"column":2},"end":{"line":28,"column":3}},"type":"if","locations":[{"start":{"line":25,"column":2},"end":{"line":28,"column":3}}]},"3":{"loc":{"start":{"line":25,"column":6},"end":{"line":25,"column":43}},"type":"binary-expr","locations":[{"start":{"line":25,"column":6},"end":{"line":25,"column":29}},{"start":{"line":25,"column":33},"end":{"line":25,"column":43}}]},"4":{"loc":{"start":{"line":37,"column":2},"end":{"line":44,"column":3}},"type":"if","locations":[{"start":{"line":37,"column":2},"end":{"line":44,"column":3}}]},"5":{"loc":{"start":{"line":59,"column":2},"end":{"line":63,"column":3}},"type":"if","locations":[{"start":{"line":59,"column":2},"end":{"line":63,"column":3}},{"start":{"line":61,"column":9},"end":{"line":63,"column":3}}]},"6":{"loc":{"start":{"line":61,"column":9},"end":{"line":63,"column":3}},"type":"if","locations":[{"start":{"line":61,"column":9},"end":{"line":63,"column":3}}]},"7":{"loc":{"start":{"line":66,"column":2},"end":{"line":68,"column":3}},"type":"if","locations":[{"start":{"line":66,"column":2},"end":{"line":68,"column":3}}]},"8":{"loc":{"start":{"line":71,"column":2},"end":{"line":73,"column":3}},"type":"if","locations":[{"start":{"line":71,"column":2},"end":{"line":73,"column":3}}]},"9":{"loc":{"start":{"line":76,"column":4},"end":{"line":76,"column":81}},"type":"binary-expr","locations":[{"start":{"line":76,"column":4},"end":{"line":76,"column":32}},{"start":{"line":76,"column":36},"end":{"line":76,"column":71}},{"start":{"line":76,"column":75},"end":{"line":76,"column":81}}]},"10":{"loc":{"start":{"line":78,"column":2},"end":{"line":80,"column":3}},"type":"if","locations":[{"start":{"line":78,"column":2},"end":{"line":80,"column":3}}]},"11":{"loc":{"start":{"line":78,"column":6},"end":{"line":78,"column":61}},"type":"binary-expr","locations":[{"start":{"line":78,"column":6},"end":{"line":78,"column":38}},{"start":{"line":78,"column":42},"end":{"line":78,"column":61}}]},"12":{"loc":{"start":{"line":82,"column":26},"end":{"line":82,"column":61}},"type":"binary-expr","locations":[{"start":{"line":82,"column":26},"end":{"line":82,"column":55}},{"start":{"line":82,"column":59},"end":{"line":82,"column":61}}]},"13":{"loc":{"start":{"line":89,"column":2},"end":{"line":95,"column":3}},"type":"if","locations":[{"start":{"line":89,"column":2},"end":{"line":95,"column":3}}]},"14":{"loc":{"start":{"line":101,"column":14},"end":{"line":101,"column":45}},"type":"binary-expr","locations":[{"start":{"line":101,"column":14},"end":{"line":101,"column":35}},{"start":{"line":101,"column":39},"end":{"line":101,"column":45}}]}},"s":{"0":1,"1":1,"2":1,"3":30,"4":30,"5":24,"6":6,"7":6,"8":1,"9":1,"10":5,"11":5,"12":5,"13":4,"14":4,"15":4,"16":0,"17":1,"18":1,"19":0,"20":1,"21":6,"22":6,"23":6,"24":1,"25":5,"26":1,"27":6,"28":6,"29":1,"30":6,"31":6,"32":1,"33":6,"34":6,"35":6,"36":0,"37":6,"38":6,"39":6,"40":6,"41":6,"42":6,"43":6,"44":3,"45":3,"46":5,"47":3,"48":3},"f":{"0":30,"1":5,"2":6},"b":{"0":[24],"1":[30,6],"2":[1],"3":[6,5],"4":[4],"5":[1,5],"6":[1],"7":[1],"8":[1],"9":[6,5,5],"10":[0],"11":[6,6],"12":[6,5],"13":[3],"14":[3,2]}}
,"C:\\Users\\EMMA\\Desktop\\tikka-contracts\\oracle\\src\\alert\\alerter.ts": {"path":"C:\\Users\\EMMA\\Desktop\\tikka-contracts\\oracle\\src\\alert\\alerter.ts","statementMap":{"0":{"start":{"line":26,"column":53},"end":{"line":26,"column":62}},"1":{"start":{"line":29,"column":4},"end":{"line":29,"column":80}},"2":{"start":{"line":30,"column":25},"end":{"line":30,"column":97}},"3":{"start":{"line":31,"column":4},"end":{"line":31,"column":98}},"4":{"start":{"line":32,"column":4},"end":{"line":34,"column":83}},"5":{"start":{"line":38,"column":4},"end":{"line":38,"column":45}},"6":{"start":{"line":48,"column":4},"end":{"line":50,"column":5}},"7":{"start":{"line":49,"column":6},"end":{"line":49,"column":19}},"8":{"start":{"line":52,"column":16},"end":{"line":52,"column":26}},"9":{"start":{"line":53,"column":21},"end":{"line":53,"column":57}},"10":{"start":{"line":54,"column":4},"end":{"line":56,"column":5}},"11":{"start":{"line":55,"column":6},"end":{"line":55,"column":19}},"12":{"start":{"line":57,"column":4},"end":{"line":57,"column":41}},"13":{"start":{"line":59,"column":34},"end":{"line":59,"column":62}},"14":{"start":{"line":61,"column":4},"end":{"line":74,"column":5}},"15":{"start":{"line":62,"column":23},"end":{"line":66,"column":8}},"16":{"start":{"line":67,"column":6},"end":{"line":69,"column":7}},"17":{"start":{"line":68,"column":8},"end":{"line":68,"column":72}},"18":{"start":{"line":71,"column":6},"end":{"line":73,"column":8}},"19":{"start":{"line":76,"column":4},"end":{"line":76,"column":16}},"20":{"start":{"line":81,"column":4},"end":{"line":81,"column":28}},"21":{"start":{"line":85,"column":4},"end":{"line":85,"column":47}},"22":{"start":{"line":22,"column":0},"end":{"line":22,"column":13}}},"fnMap":{"0":{"name":"(anonymous_0)","decl":{"start":{"line":28,"column":2},"end":{"line":28,"column":14}},"loc":{"start":{"line":28,"column":42},"end":{"line":35,"column":3}}},"1":{"name":"(anonymous_1)","decl":{"start":{"line":37,"column":2},"end":{"line":37,"column":6}},"loc":{"start":{"line":37,"column":13},"end":{"line":39,"column":3}}},"2":{"name":"(anonymous_2)","decl":{"start":{"line":47,"column":2},"end":{"line":47,"column":7}},"loc":{"start":{"line":47,"column":53},"end":{"line":77,"column":3}}},"3":{"name":"(anonymous_3)","decl":{"start":{"line":80,"column":2},"end":{"line":80,"column":7}},"loc":{"start":{"line":80,"column":7},"end":{"line":82,"column":3}}},"4":{"name":"(anonymous_4)","decl":{"start":{"line":84,"column":10},"end":{"line":84,"column":15}},"loc":{"start":{"line":84,"column":25},"end":{"line":86,"column":3}}}},"branchMap":{"0":{"loc":{"start":{"line":28,"column":14},"end":{"line":28,"column":42}},"type":"default-arg","locations":[{"start":{"line":28,"column":40},"end":{"line":28,"column":42}}]},"1":{"loc":{"start":{"line":29,"column":22},"end":{"line":29,"column":79}},"type":"binary-expr","locations":[{"start":{"line":29,"column":22},"end":{"line":29,"column":40}},{"start":{"line":29,"column":44},"end":{"line":29,"column":73}},{"start":{"line":29,"column":77},"end":{"line":29,"column":79}}]},"2":{"loc":{"start":{"line":30,"column":25},"end":{"line":30,"column":97}},"type":"binary-expr","locations":[{"start":{"line":30,"column":25},"end":{"line":30,"column":44}},{"start":{"line":30,"column":48},"end":{"line":30,"column":97}}]},"3":{"loc":{"start":{"line":30,"column":55},"end":{"line":30,"column":96}},"type":"binary-expr","locations":[{"start":{"line":30,"column":55},"end":{"line":30,"column":86}},{"start":{"line":30,"column":90},"end":{"line":30,"column":96}}]},"4":{"loc":{"start":{"line":31,"column":23},"end":{"line":31,"column":97}},"type":"cond-expr","locations":[{"start":{"line":31,"column":76},"end":{"line":31,"column":88}},{"start":{"line":31,"column":91},"end":{"line":31,"column":97}}]},"5":{"loc":{"start":{"line":31,"column":23},"end":{"line":31,"column":73}},"type":"binary-expr","locations":[{"start":{"line":31,"column":23},"end":{"line":31,"column":52}},{"start":{"line":31,"column":56},"end":{"line":31,"column":73}}]},"6":{"loc":{"start":{"line":33,"column":6},"end":{"line":34,"column":82}},"type":"binary-expr","locations":[{"start":{"line":33,"column":6},"end":{"line":33,"column":23}},{"start":{"line":34,"column":7},"end":{"line":34,"column":81}}]},"7":{"loc":{"start":{"line":34,"column":7},"end":{"line":34,"column":81}},"type":"cond-expr","locations":[{"start":{"line":34,"column":48},"end":{"line":34,"column":64}},{"start":{"line":34,"column":67},"end":{"line":34,"column":81}}]},"8":{"loc":{"start":{"line":48,"column":4},"end":{"line":50,"column":5}},"type":"if","locations":[{"start":{"line":48,"column":4},"end":{"line":50,"column":5}}]},"9":{"loc":{"start":{"line":53,"column":21},"end":{"line":53,"column":57}},"type":"binary-expr","locations":[{"start":{"line":53,"column":21},"end":{"line":53,"column":52}},{"start":{"line":53,"column":56},"end":{"line":53,"column":57}}]},"10":{"loc":{"start":{"line":54,"column":4},"end":{"line":56,"column":5}},"type":"if","locations":[{"start":{"line":54,"column":4},"end":{"line":56,"column":5}}]},"11":{"loc":{"start":{"line":67,"column":6},"end":{"line":69,"column":7}},"type":"if","locations":[{"start":{"line":67,"column":6},"end":{"line":69,"column":7}}]},"12":{"loc":{"start":{"line":72,"column":34},"end":{"line":72,"column":88}},"type":"cond-expr","locations":[{"start":{"line":72,"column":59},"end":{"line":72,"column":72}},{"start":{"line":72,"column":75},"end":{"line":72,"column":88}}]}},"s":{"0":16,"1":16,"2":16,"3":16,"4":16,"5":23,"6":21,"7":1,"8":20,"9":20,"10":20,"11":6,"12":14,"13":14,"14":14,"15":14,"16":13,"17":1,"18":1,"19":14,"20":0,"21":0,"22":4},"f":{"0":16,"1":23,"2":21,"3":0,"4":0},"b":{"0":[0],"1":[16,2,1],"2":[16,12],"3":[12,11],"4":[16,0],"5":[16,16],"6":[16,0],"7":[0,0],"8":[1],"9":[20,13],"10":[6],"11":[1],"12":[1,0]}}
,"C:\\Users\\EMMA\\Desktop\\tikka-contracts\\oracle\\src\\deduplication\\deduplication.store.ts": {"path":"C:\\Users\\EMMA\\Desktop\\tikka-contracts\\oracle\\src\\deduplication\\deduplication.store.ts","statementMap":{"0":{"start":{"line":1,"column":0},"end":{"line":1,"column":25}},"1":{"start":{"line":2,"column":0},"end":{"line":2,"column":29}},"2":{"start":{"line":5,"column":30},"end":{"line":5,"column":39}},"3":{"start":{"line":10,"column":4},"end":{"line":10,"column":30}},"4":{"start":{"line":11,"column":4},"end":{"line":11,"column":49}},"5":{"start":{"line":13,"column":4},"end":{"line":15,"column":5}},"6":{"start":{"line":14,"column":6},"end":{"line":14,"column":26}},"7":{"start":{"line":19,"column":4},"end":{"line":31,"column":5}},"8":{"start":{"line":20,"column":6},"end":{"line":23,"column":7}},"9":{"start":{"line":21,"column":21},"end":{"line":21,"column":71}},"10":{"start":{"line":22,"column":8},"end":{"line":22,"column":45}},"11":{"start":{"line":25,"column":6},"end":{"line":25,"column":81}},"12":{"start":{"line":27,"column":18},"end":{"line":27,"column":45}},"13":{"start":{"line":28,"column":6},"end":{"line":30,"column":7}},"14":{"start":{"line":29,"column":8},"end":{"line":29,"column":47}},"15":{"start":{"line":35,"column":4},"end":{"line":37,"column":5}},"16":{"start":{"line":36,"column":6},"end":{"line":36,"column":13}},"17":{"start":{"line":39,"column":4},"end":{"line":47,"column":5}},"18":{"start":{"line":40,"column":18},"end":{"line":40,"column":45}},"19":{"start":{"line":41,"column":6},"end":{"line":43,"column":7}},"20":{"start":{"line":42,"column":8},"end":{"line":42,"column":47}},"21":{"start":{"line":44,"column":6},"end":{"line":44,"column":87}},"22":{"start":{"line":46,"column":6},"end":{"line":46,"column":66}},"23":{"start":{"line":51,"column":16},"end":{"line":51,"column":58}},"24":{"start":{"line":52,"column":4},"end":{"line":54,"column":5}},"25":{"start":{"line":53,"column":6},"end":{"line":53,"column":18}},"26":{"start":{"line":55,"column":4},"end":{"line":55,"column":23}},"27":{"start":{"line":56,"column":4},"end":{"line":56,"column":22}},"28":{"start":{"line":57,"column":4},"end":{"line":57,"column":17}},"29":{"start":{"line":62,"column":16},"end":{"line":62,"column":58}},"30":{"start":{"line":63,"column":4},"end":{"line":63,"column":30}},"31":{"start":{"line":68,"column":16},"end":{"line":68,"column":58}},"32":{"start":{"line":69,"column":4},"end":{"line":72,"column":5}},"33":{"start":{"line":70,"column":6},"end":{"line":70,"column":25}},"34":{"start":{"line":71,"column":6},"end":{"line":71,"column":24}},"35":{"start":{"line":4,"column":0},"end":{"line":4,"column":13}}},"fnMap":{"0":{"name":"(anonymous_9)","decl":{"start":{"line":9,"column":2},"end":{"line":9,"column":14}},"loc":{"start":{"line":9,"column":87},"end":{"line":16,"column":3}}},"1":{"name":"(anonymous_10)","decl":{"start":{"line":18,"column":10},"end":{"line":18,"column":22}},"loc":{"start":{"line":18,"column":22},"end":{"line":32,"column":3}}},"2":{"name":"(anonymous_11)","decl":{"start":{"line":34,"column":10},"end":{"line":34,"column":20}},"loc":{"start":{"line":34,"column":20},"end":{"line":48,"column":3}}},"3":{"name":"(anonymous_12)","decl":{"start":{"line":50,"column":2},"end":{"line":50,"column":13}},"loc":{"start":{"line":50,"column":54},"end":{"line":58,"column":3}}},"4":{"name":"(anonymous_13)","decl":{"start":{"line":61,"column":2},"end":{"line":61,"column":9}},"loc":{"start":{"line":61,"column":50},"end":{"line":64,"column":3}}},"5":{"name":"(anonymous_14)","decl":{"start":{"line":67,"column":2},"end":{"line":67,"column":10}},"loc":{"start":{"line":67,"column":51},"end":{"line":73,"column":3}}}},"branchMap":{"0":{"loc":{"start":{"line":9,"column":14},"end":{"line":9,"column":87}},"type":"default-arg","locations":[{"start":{"line":9,"column":34},"end":{"line":9,"column":87}}]},"1":{"loc":{"start":{"line":13,"column":4},"end":{"line":15,"column":5}},"type":"if","locations":[{"start":{"line":13,"column":4},"end":{"line":15,"column":5}}]},"2":{"loc":{"start":{"line":20,"column":6},"end":{"line":23,"column":7}},"type":"if","locations":[{"start":{"line":20,"column":6},"end":{"line":23,"column":7}}]},"3":{"loc":{"start":{"line":22,"column":28},"end":{"line":22,"column":43}},"type":"binary-expr","locations":[{"start":{"line":22,"column":28},"end":{"line":22,"column":37}},{"start":{"line":22,"column":41},"end":{"line":22,"column":43}}]},"4":{"loc":{"start":{"line":28,"column":6},"end":{"line":30,"column":7}},"type":"if","locations":[{"start":{"line":28,"column":6},"end":{"line":30,"column":7}}]},"5":{"loc":{"start":{"line":35,"column":4},"end":{"line":37,"column":5}},"type":"if","locations":[{"start":{"line":35,"column":4},"end":{"line":37,"column":5}}]},"6":{"loc":{"start":{"line":41,"column":6},"end":{"line":43,"column":7}},"type":"if","locations":[{"start":{"line":41,"column":6},"end":{"line":43,"column":7}}]},"7":{"loc":{"start":{"line":52,"column":4},"end":{"line":54,"column":5}},"type":"if","locations":[{"start":{"line":52,"column":4},"end":{"line":54,"column":5}}]},"8":{"loc":{"start":{"line":69,"column":4},"end":{"line":72,"column":5}},"type":"if","locations":[{"start":{"line":69,"column":4},"end":{"line":72,"column":5}}]}},"s":{"0":2,"1":2,"2":8,"3":8,"4":8,"5":8,"6":8,"7":8,"8":8,"9":2,"10":1,"11":1,"12":1,"13":1,"14":0,"15":1009,"16":0,"17":1009,"18":1009,"19":1009,"20":0,"21":1009,"22":1,"23":1015,"24":1015,"25":6,"26":1009,"27":1009,"28":1009,"29":0,"30":0,"31":0,"32":0,"33":0,"34":0,"35":2},"f":{"0":8,"1":8,"2":1009,"3":1015,"4":0,"5":0},"b":{"0":[0],"1":[8],"2":[2],"3":[1,0],"4":[0],"5":[0],"6":[0],"7":[6],"8":[0]}}
,"C:\\Users\\EMMA\\Desktop\\tikka-contracts\\oracle\\src\\keys\\key.service.ts": {"path":"C:\\Users\\EMMA\\Desktop\\tikka-contracts\\oracle\\src\\keys\\key.service.ts","statementMap":{"0":{"start":{"line":1,"column":0},"end":{"line":1,"column":47}},"1":{"start":{"line":2,"column":0},"end":{"line":2,"column":62}},"2":{"start":{"line":13,"column":19},"end":{"line":13,"column":35}},"3":{"start":{"line":14,"column":4},"end":{"line":16,"column":5}},"4":{"start":{"line":15,"column":6},"end":{"line":15,"column":59}},"5":{"start":{"line":17,"column":4},"end":{"line":17,"column":18}},"6":{"start":{"line":11,"column":0},"end":{"line":11,"column":13}},"7":{"start":{"line":24,"column":24},"end":{"line":24,"column":29}},"8":{"start":{"line":27,"column":21},"end":{"line":27,"column":47}},"9":{"start":{"line":28,"column":21},"end":{"line":28,"column":45}},"10":{"start":{"line":36,"column":4},"end":{"line":38,"column":5}},"11":{"start":{"line":37,"column":6},"end":{"line":37,"column":13}},"12":{"start":{"line":40,"column":4},"end":{"line":48,"column":5}},"13":{"start":{"line":41,"column":24},"end":{"line":41,"column":72}},"14":{"start":{"line":42,"column":6},"end":{"line":42,"column":52}},"15":{"start":{"line":43,"column":6},"end":{"line":43,"column":66}},"16":{"start":{"line":44,"column":6},"end":{"line":44,"column":30}},"17":{"start":{"line":46,"column":6},"end":{"line":46,"column":94}},"18":{"start":{"line":47,"column":6},"end":{"line":47,"column":59}},"19":{"start":{"line":52,"column":4},"end":{"line":52,"column":29}},"20":{"start":{"line":53,"column":4},"end":{"line":53,"column":24}},"21":{"start":{"line":57,"column":4},"end":{"line":57,"column":29}},"22":{"start":{"line":58,"column":4},"end":{"line":58,"column":36}},"23":{"start":{"line":62,"column":4},"end":{"line":62,"column":29}},"24":{"start":{"line":63,"column":4},"end":{"line":63,"column":55}},"25":{"start":{"line":67,"column":4},"end":{"line":67,"column":29}},"26":{"start":{"line":68,"column":4},"end":{"line":68,"column":35}},"27":{"start":{"line":75,"column":4},"end":{"line":78,"column":5}},"28":{"start":{"line":76,"column":6},"end":{"line":76,"column":38}},"29":{"start":{"line":77,"column":6},"end":{"line":77,"column":35}},"30":{"start":{"line":79,"column":4},"end":{"line":79,"column":29}},"31":{"start":{"line":83,"column":4},"end":{"line":85,"column":5}},"32":{"start":{"line":84,"column":6},"end":{"line":84,"column":86}},"33":{"start":{"line":21,"column":0},"end":{"line":21,"column":13}},"34":{"start":{"line":89,"column":0},"end":{"line":89,"column":9}},"35":{"start":{"line":89,"column":9},"end":{"line":89,"column":31}},"36":{"start":{"line":89,"column":31},"end":{"line":89,"column":50}},"37":{"start":{"line":89,"column":50},"end":{"line":89,"column":98}},"38":{"start":{"line":90,"column":0},"end":{"line":90,"column":9}},"39":{"start":{"line":90,"column":9},"end":{"line":90,"column":47}}},"fnMap":{"0":{"name":"(anonymous_0)","decl":{"start":{"line":12,"column":2},"end":{"line":12,"column":7}},"loc":{"start":{"line":12,"column":29},"end":{"line":18,"column":3}}},"1":{"name":"(anonymous_1)","decl":{"start":{"line":26,"column":2},"end":{"line":26,"column":null}},"loc":{"start":{"line":28,"column":64},"end":{"line":29,"column":6}}},"2":{"name":"(anonymous_2)","decl":{"start":{"line":35,"column":2},"end":{"line":35,"column":7}},"loc":{"start":{"line":35,"column":18},"end":{"line":49,"column":3}}},"3":{"name":"(anonymous_3)","decl":{"start":{"line":51,"column":2},"end":{"line":51,"column":12}},"loc":{"start":{"line":51,"column":12},"end":{"line":54,"column":3}}},"4":{"name":"(anonymous_4)","decl":{"start":{"line":56,"column":2},"end":{"line":56,"column":14}},"loc":{"start":{"line":56,"column":14},"end":{"line":59,"column":3}}},"5":{"name":"(anonymous_5)","decl":{"start":{"line":61,"column":2},"end":{"line":61,"column":19}},"loc":{"start":{"line":61,"column":19},"end":{"line":64,"column":3}}},"6":{"name":"(anonymous_6)","decl":{"start":{"line":66,"column":2},"end":{"line":66,"column":6}},"loc":{"start":{"line":66,"column":19},"end":{"line":69,"column":3}}},"7":{"name":"(anonymous_7)","decl":{"start":{"line":74,"column":2},"end":{"line":74,"column":10}},"loc":{"start":{"line":74,"column":10},"end":{"line":80,"column":3}}},"8":{"name":"(anonymous_8)","decl":{"start":{"line":82,"column":10},"end":{"line":82,"column":27}},"loc":{"start":{"line":82,"column":27},"end":{"line":86,"column":3}}},"9":{"name":"(anonymous_9)","decl":{"start":{"line":89,"column":9},"end":{"line":89,"column":29}},"loc":{"start":{"line":89,"column":9},"end":{"line":89,"column":31}}},"10":{"name":"(anonymous_10)","decl":{"start":{"line":89,"column":31},"end":{"line":89,"column":48}},"loc":{"start":{"line":89,"column":31},"end":{"line":89,"column":50}}},"11":{"name":"(anonymous_11)","decl":{"start":{"line":89,"column":50},"end":{"line":89,"column":69}},"loc":{"start":{"line":89,"column":50},"end":{"line":89,"column":98}}},"12":{"name":"(anonymous_12)","decl":{"start":{"line":90,"column":9},"end":{"line":90,"column":24}},"loc":{"start":{"line":90,"column":9},"end":{"line":90,"column":47}}}},"branchMap":{"0":{"loc":{"start":{"line":14,"column":4},"end":{"line":16,"column":5}},"type":"if","locations":[{"start":{"line":14,"column":4},"end":{"line":16,"column":5}}]},"1":{"loc":{"start":{"line":27,"column":21},"end":{"line":27,"column":70}},"type":"default-arg","locations":[{"start":{"line":27,"column":47},"end":{"line":27,"column":70}}]},"2":{"loc":{"start":{"line":28,"column":21},"end":{"line":28,"column":64}},"type":"default-arg","locations":[{"start":{"line":28,"column":45},"end":{"line":28,"column":64}}]},"3":{"loc":{"start":{"line":36,"column":4},"end":{"line":38,"column":5}},"type":"if","locations":[{"start":{"line":36,"column":4},"end":{"line":38,"column":5}}]},"4":{"loc":{"start":{"line":75,"column":4},"end":{"line":78,"column":5}},"type":"if","locations":[{"start":{"line":75,"column":4},"end":{"line":78,"column":5}}]},"5":{"loc":{"start":{"line":83,"column":4},"end":{"line":85,"column":5}},"type":"if","locations":[{"start":{"line":83,"column":4},"end":{"line":85,"column":5}}]}},"s":{"0":4,"1":4,"2":6,"3":6,"4":2,"5":4,"6":4,"7":9,"8":9,"9":9,"10":9,"11":0,"12":9,"13":9,"14":7,"15":7,"16":7,"17":2,"18":2,"19":5,"20":5,"21":1,"22":1,"23":2,"24":2,"25":3,"26":2,"27":1,"28":1,"29":1,"30":1,"31":11,"32":1,"33":4,"34":4,"35":4,"36":4,"37":4,"38":4,"39":4},"f":{"0":6,"1":9,"2":9,"3":5,"4":1,"5":2,"6":3,"7":1,"8":11,"9":0,"10":0,"11":0,"12":0},"b":{"0":[2],"1":[5],"2":[8],"3":[0],"4":[1],"5":[1]}}
,"C:\\Users\\EMMA\\Desktop\\tikka-contracts\\oracle\\src\\keys\\secret-key.ts": {"path":"C:\\Users\\EMMA\\Desktop\\tikka-contracts\\oracle\\src\\keys\\secret-key.ts","statementMap":{"0":{"start":{"line":9,"column":0},"end":{"line":9,"column":16}},"1":{"start":{"line":39,"column":0},"end":{"line":39,"column":16}},"2":{"start":{"line":1,"column":0},"end":{"line":1,"column":47}},"3":{"start":{"line":3,"column":22},"end":{"line":3,"column":48}},"4":{"start":{"line":4,"column":25},"end":{"line":4,"column":47}},"5":{"start":{"line":10,"column":18},"end":{"line":10,"column":34}},"6":{"start":{"line":12,"column":2},"end":{"line":14,"column":3}},"7":{"start":{"line":13,"column":4},"end":{"line":13,"column":67}},"8":{"start":{"line":16,"column":2},"end":{"line":23,"column":3}},"9":{"start":{"line":17,"column":16},"end":{"line":17,"column":69}},"10":{"start":{"line":18,"column":18},"end":{"line":18,"column":41}},"11":{"start":{"line":19,"column":4},"end":{"line":21,"column":5}},"12":{"start":{"line":20,"column":6},"end":{"line":20,"column":51}},"13":{"start":{"line":22,"column":4},"end":{"line":22,"column":17}},"14":{"start":{"line":25,"column":2},"end":{"line":34,"column":3}},"15":{"start":{"line":26,"column":4},"end":{"line":33,"column":5}},"16":{"start":{"line":27,"column":20},"end":{"line":27,"column":50}},"17":{"start":{"line":28,"column":6},"end":{"line":30,"column":7}},"18":{"start":{"line":29,"column":8},"end":{"line":29,"column":21}},"19":{"start":{"line":36,"column":2},"end":{"line":36,"column":47}},"20":{"start":{"line":40,"column":2},"end":{"line":40,"column":17}}},"fnMap":{"0":{"name":"decodeSecretKey","decl":{"start":{"line":9,"column":16},"end":{"line":9,"column":31}},"loc":{"start":{"line":9,"column":49},"end":{"line":37,"column":1}}},"1":{"name":"zeroizeBuffer","decl":{"start":{"line":39,"column":16},"end":{"line":39,"column":29}},"loc":{"start":{"line":39,"column":44},"end":{"line":41,"column":1}}}},"branchMap":{"0":{"loc":{"start":{"line":12,"column":2},"end":{"line":14,"column":3}},"type":"if","locations":[{"start":{"line":12,"column":2},"end":{"line":14,"column":3}}]},"1":{"loc":{"start":{"line":16,"column":2},"end":{"line":23,"column":3}},"type":"if","locations":[{"start":{"line":16,"column":2},"end":{"line":23,"column":3}}]},"2":{"loc":{"start":{"line":17,"column":16},"end":{"line":17,"column":69}},"type":"cond-expr","locations":[{"start":{"line":17,"column":43},"end":{"line":17,"column":59}},{"start":{"line":17,"column":62},"end":{"line":17,"column":69}}]},"3":{"loc":{"start":{"line":19,"column":4},"end":{"line":21,"column":5}},"type":"if","locations":[{"start":{"line":19,"column":4},"end":{"line":21,"column":5}}]},"4":{"loc":{"start":{"line":25,"column":2},"end":{"line":34,"column":3}},"type":"if","locations":[{"start":{"line":25,"column":2},"end":{"line":34,"column":3}}]},"5":{"loc":{"start":{"line":25,"column":6},"end":{"line":25,"column":60}},"type":"binary-expr","locations":[{"start":{"line":25,"column":6},"end":{"line":25,"column":36}},{"start":{"line":25,"column":40},"end":{"line":25,"column":60}}]},"6":{"loc":{"start":{"line":28,"column":6},"end":{"line":30,"column":7}},"type":"if","locations":[{"start":{"line":28,"column":6},"end":{"line":30,"column":7}}]}},"s":{"0":5,"1":5,"2":5,"3":5,"4":5,"5":11,"6":11,"7":8,"8":3,"9":1,"10":1,"11":1,"12":0,"13":1,"14":2,"15":0,"16":0,"17":0,"18":0,"19":2,"20":1},"f":{"0":11,"1":1},"b":{"0":[8],"1":[1],"2":[0,1],"3":[0],"4":[0],"5":[2,2],"6":[0]}}
,"C:\\Users\\EMMA\\Desktop\\tikka-contracts\\oracle\\src\\keys\\secrets-adapters.ts": {"path":"C:\\Users\\EMMA\\Desktop\\tikka-contracts\\oracle\\src\\keys\\secrets-adapters.ts","statementMap":{"0":{"start":{"line":5,"column":31},"end":{"line":5,"column":48}},"1":{"start":{"line":8,"column":4},"end":{"line":8,"column":24}},"2":{"start":{"line":9,"column":4},"end":{"line":9,"column":20}},"3":{"start":{"line":10,"column":4},"end":{"line":10,"column":72}},"4":{"start":{"line":4,"column":0},"end":{"line":4,"column":13}},"5":{"start":{"line":18,"column":31},"end":{"line":18,"column":48}},"6":{"start":{"line":21,"column":4},"end":{"line":21,"column":24}},"7":{"start":{"line":22,"column":4},"end":{"line":22,"column":20}},"8":{"start":{"line":23,"column":4},"end":{"line":23,"column":69}},"9":{"start":{"line":17,"column":0},"end":{"line":17,"column":13}},"10":{"start":{"line":31,"column":31},"end":{"line":31,"column":48}},"11":{"start":{"line":34,"column":4},"end":{"line":34,"column":21}},"12":{"start":{"line":35,"column":4},"end":{"line":35,"column":20}},"13":{"start":{"line":36,"column":4},"end":{"line":36,"column":79}},"14":{"start":{"line":30,"column":0},"end":{"line":30,"column":13}}},"fnMap":{"0":{"name":"(anonymous_0)","decl":{"start":{"line":5,"column":2},"end":{"line":5,"column":31}},"loc":{"start":{"line":5,"column":48},"end":{"line":5,"column":52}}},"1":{"name":"(anonymous_1)","decl":{"start":{"line":7,"column":2},"end":{"line":7,"column":7}},"loc":{"start":{"line":7,"column":36},"end":{"line":11,"column":3}}},"2":{"name":"(anonymous_2)","decl":{"start":{"line":18,"column":2},"end":{"line":18,"column":31}},"loc":{"start":{"line":18,"column":48},"end":{"line":18,"column":52}}},"3":{"name":"(anonymous_3)","decl":{"start":{"line":20,"column":2},"end":{"line":20,"column":7}},"loc":{"start":{"line":20,"column":36},"end":{"line":24,"column":3}}},"4":{"name":"(anonymous_4)","decl":{"start":{"line":31,"column":2},"end":{"line":31,"column":31}},"loc":{"start":{"line":31,"column":59},"end":{"line":31,"column":63}}},"5":{"name":"(anonymous_5)","decl":{"start":{"line":33,"column":2},"end":{"line":33,"column":7}},"loc":{"start":{"line":33,"column":36},"end":{"line":37,"column":3}}}},"branchMap":{"0":{"loc":{"start":{"line":31,"column":31},"end":{"line":31,"column":59}},"type":"default-arg","locations":[{"start":{"line":31,"column":48},"end":{"line":31,"column":59}}]}},"s":{"0":0,"1":0,"2":0,"3":0,"4":4,"5":0,"6":0,"7":0,"8":0,"9":4,"10":0,"11":0,"12":0,"13":0,"14":4},"f":{"0":0,"1":0,"2":0,"3":0,"4":0,"5":0},"b":{"0":[0]}}
,"C:\\Users\\EMMA\\Desktop\\tikka-contracts\\oracle\\src\\listener\\event-listener.service.ts": {"path":"C:\\Users\\EMMA\\Desktop\\tikka-contracts\\oracle\\src\\listener\\event-listener.service.ts","statementMap":{"0":{"start":{"line":1,"column":0},"end":{"line":1,"column":71}},"1":{"start":{"line":29,"column":22},"end":{"line":29,"column":27}},"2":{"start":{"line":30,"column":35},"end":{"line":30,"column":36}},"3":{"start":{"line":33,"column":21},"end":{"line":33,"column":40}},"4":{"start":{"line":34,"column":21},"end":{"line":34,"column":42}},"5":{"start":{"line":35,"column":21},"end":{"line":35,"column":59}},"6":{"start":{"line":39,"column":6},"end":{"line":39,"column":92}},"7":{"start":{"line":40,"column":4},"end":{"line":40,"column":93}},"8":{"start":{"line":41,"column":4},"end":{"line":42,"column":84}},"9":{"start":{"line":43,"column":4},"end":{"line":43,"column":94}},"10":{"start":{"line":43,"column":43},"end":{"line":43,"column":92}},"11":{"start":{"line":43,"column":68},"end":{"line":43,"column":91}},"12":{"start":{"line":44,"column":4},"end":{"line":44,"column":35}},"13":{"start":{"line":45,"column":4},"end":{"line":46,"column":98}},"14":{"start":{"line":47,"column":4},"end":{"line":47,"column":25}},"15":{"start":{"line":51,"column":18},"end":{"line":51,"column":51}},"16":{"start":{"line":52,"column":4},"end":{"line":55,"column":5}},"17":{"start":{"line":53,"column":6},"end":{"line":53,"column":35}},"18":{"start":{"line":54,"column":6},"end":{"line":54,"column":13}},"19":{"start":{"line":57,"column":19},"end":{"line":57,"column":54}},"20":{"start":{"line":58,"column":4},"end":{"line":58,"column":39}},"21":{"start":{"line":62,"column":4},"end":{"line":64,"column":5}},"22":{"start":{"line":63,"column":6},"end":{"line":63,"column":13}},"23":{"start":{"line":65,"column":4},"end":{"line":65,"column":26}},"24":{"start":{"line":67,"column":4},"end":{"line":110,"column":5}},"25":{"start":{"line":70,"column":6},"end":{"line":88,"column":7}},"26":{"start":{"line":71,"column":8},"end":{"line":80,"column":11}},"27":{"start":{"line":82,"column":8},"end":{"line":82,"column":41}},"28":{"start":{"line":83,"column":8},"end":{"line":85,"column":9}},"29":{"start":{"line":84,"column":10},"end":{"line":84,"column":42}},"30":{"start":{"line":86,"column":8},"end":{"line":86,"column":46}},"31":{"start":{"line":87,"column":8},"end":{"line":87,"column":17}},"32":{"start":{"line":90,"column":6},"end":{"line":90,"column":38}},"33":{"start":{"line":92,"column":6},"end":{"line":105,"column":7}},"34":{"start":{"line":93,"column":23},"end":{"line":93,"column":64}},"35":{"start":{"line":94,"column":8},"end":{"line":96,"column":9}},"36":{"start":{"line":95,"column":10},"end":{"line":95,"column":19}},"37":{"start":{"line":98,"column":8},"end":{"line":104,"column":9}},"38":{"start":{"line":99,"column":10},"end":{"line":103,"column":13}},"39":{"start":{"line":107,"column":6},"end":{"line":107,"column":49}},"40":{"start":{"line":108,"column":6},"end":{"line":108,"column":59}},"41":{"start":{"line":109,"column":6},"end":{"line":109,"column":44}},"42":{"start":{"line":114,"column":4},"end":{"line":116,"column":5}},"43":{"start":{"line":115,"column":6},"end":{"line":115,"column":13}},"44":{"start":{"line":118,"column":4},"end":{"line":127,"column":7}},"45":{"start":{"line":131,"column":4},"end":{"line":131,"column":27}},"46":{"start":{"line":137,"column":22},"end":{"line":137,"column":56}},"47":{"start":{"line":138,"column":4},"end":{"line":140,"column":5}},"48":{"start":{"line":139,"column":6},"end":{"line":139,"column":18}},"49":{"start":{"line":142,"column":27},"end":{"line":142,"column":55}},"50":{"start":{"line":143,"column":4},"end":{"line":145,"column":5}},"51":{"start":{"line":144,"column":6},"end":{"line":144,"column":18}},"52":{"start":{"line":147,"column":4},"end":{"line":149,"column":5}},"53":{"start":{"line":148,"column":6},"end":{"line":148,"column":18}},"54":{"start":{"line":151,"column":17},"end":{"line":151,"column":19}},"55":{"start":{"line":152,"column":20},"end":{"line":152,"column":22}},"56":{"start":{"line":153,"column":20},"end":{"line":153,"column":22}},"57":{"start":{"line":155,"column":4},"end":{"line":165,"column":5}},"58":{"start":{"line":156,"column":18},"end":{"line":156,"column":46}},"59":{"start":{"line":157,"column":18},"end":{"line":157,"column":29}},"60":{"start":{"line":158,"column":6},"end":{"line":164,"column":7}},"61":{"start":{"line":159,"column":8},"end":{"line":159,"column":65}},"62":{"start":{"line":160,"column":13},"end":{"line":164,"column":7}},"63":{"start":{"line":161,"column":8},"end":{"line":161,"column":49}},"64":{"start":{"line":162,"column":13},"end":{"line":164,"column":7}},"65":{"start":{"line":163,"column":8},"end":{"line":163,"column":49}},"66":{"start":{"line":167,"column":4},"end":{"line":167,"column":60}},"67":{"start":{"line":22,"column":0},"end":{"line":22,"column":13}}},"fnMap":{"0":{"name":"(anonymous_0)","decl":{"start":{"line":32,"column":2},"end":{"line":32,"column":null}},"loc":{"start":{"line":36,"column":38},"end":{"line":48,"column":3}}},"1":{"name":"(anonymous_1)","decl":{"start":{"line":43,"column":35},"end":{"line":43,"column":36}},"loc":{"start":{"line":43,"column":43},"end":{"line":43,"column":92}}},"2":{"name":"(anonymous_2)","decl":{"start":{"line":43,"column":55},"end":{"line":43,"column":56}},"loc":{"start":{"line":43,"column":68},"end":{"line":43,"column":91}}},"3":{"name":"(anonymous_3)","decl":{"start":{"line":50,"column":2},"end":{"line":50,"column":7}},"loc":{"start":{"line":50,"column":18},"end":{"line":59,"column":3}}},"4":{"name":"(anonymous_4)","decl":{"start":{"line":61,"column":2},"end":{"line":61,"column":7}},"loc":{"start":{"line":61,"column":44},"end":{"line":111,"column":3}}},"5":{"name":"(anonymous_5)","decl":{"start":{"line":113,"column":10},"end":{"line":113,"column":29}},"loc":{"start":{"line":113,"column":44},"end":{"line":128,"column":3}}},"6":{"name":"(anonymous_6)","decl":{"start":{"line":130,"column":2},"end":{"line":130,"column":15}},"loc":{"start":{"line":130,"column":15},"end":{"line":132,"column":3}}},"7":{"name":"(anonymous_7)","decl":{"start":{"line":134,"column":2},"end":{"line":134,"column":31}},"loc":{"start":{"line":135,"column":39},"end":{"line":168,"column":3}}}},"branchMap":{"0":{"loc":{"start":{"line":36,"column":4},"end":{"line":36,"column":38}},"type":"default-arg","locations":[{"start":{"line":36,"column":36},"end":{"line":36,"column":38}}]},"1":{"loc":{"start":{"line":39,"column":6},"end":{"line":39,"column":92}},"type":"binary-expr","locations":[{"start":{"line":39,"column":6},"end":{"line":39,"column":20}},{"start":{"line":39,"column":24},"end":{"line":39,"column":51}},{"start":{"line":39,"column":55},"end":{"line":39,"column":92}}]},"2":{"loc":{"start":{"line":42,"column":6},"end":{"line":42,"column":83}},"type":"binary-expr","locations":[{"start":{"line":42,"column":6},"end":{"line":42,"column":28}},{"start":{"line":42,"column":32},"end":{"line":42,"column":83}}]},"3":{"loc":{"start":{"line":42,"column":39},"end":{"line":42,"column":82}},"type":"binary-expr","locations":[{"start":{"line":42,"column":39},"end":{"line":42,"column":74}},{"start":{"line":42,"column":78},"end":{"line":42,"column":82}}]},"4":{"loc":{"start":{"line":43,"column":17},"end":{"line":43,"column":93}},"type":"binary-expr","locations":[{"start":{"line":43,"column":17},"end":{"line":43,"column":30}},{"start":{"line":43,"column":35},"end":{"line":43,"column":92}}]},"5":{"loc":{"start":{"line":46,"column":6},"end":{"line":46,"column":97}},"type":"binary-expr","locations":[{"start":{"line":46,"column":6},"end":{"line":46,"column":37}},{"start":{"line":46,"column":41},"end":{"line":46,"column":97}}]},"6":{"loc":{"start":{"line":46,"column":48},"end":{"line":46,"column":96}},"type":"binary-expr","locations":[{"start":{"line":46,"column":48},"end":{"line":46,"column":91}},{"start":{"line":46,"column":95},"end":{"line":46,"column":96}}]},"7":{"loc":{"start":{"line":52,"column":4},"end":{"line":55,"column":5}},"type":"if","locations":[{"start":{"line":52,"column":4},"end":{"line":55,"column":5}}]},"8":{"loc":{"start":{"line":62,"column":4},"end":{"line":64,"column":5}},"type":"if","locations":[{"start":{"line":62,"column":4},"end":{"line":64,"column":5}}]},"9":{"loc":{"start":{"line":83,"column":8},"end":{"line":85,"column":9}},"type":"if","locations":[{"start":{"line":83,"column":8},"end":{"line":85,"column":9}}]},"10":{"loc":{"start":{"line":94,"column":8},"end":{"line":96,"column":9}},"type":"if","locations":[{"start":{"line":94,"column":8},"end":{"line":96,"column":9}}]},"11":{"loc":{"start":{"line":98,"column":8},"end":{"line":104,"column":9}},"type":"if","locations":[{"start":{"line":98,"column":8},"end":{"line":104,"column":9}}]},"12":{"loc":{"start":{"line":114,"column":4},"end":{"line":116,"column":5}},"type":"if","locations":[{"start":{"line":114,"column":4},"end":{"line":116,"column":5}}]},"13":{"loc":{"start":{"line":125,"column":15},"end":{"line":125,"column":69}},"type":"cond-expr","locations":[{"start":{"line":125,"column":40},"end":{"line":125,"column":53}},{"start":{"line":125,"column":56},"end":{"line":125,"column":69}}]},"14":{"loc":{"start":{"line":138,"column":4},"end":{"line":140,"column":5}},"type":"if","locations":[{"start":{"line":138,"column":4},"end":{"line":140,"column":5}}]},"15":{"loc":{"start":{"line":143,"column":4},"end":{"line":145,"column":5}},"type":"if","locations":[{"start":{"line":143,"column":4},"end":{"line":145,"column":5}}]},"16":{"loc":{"start":{"line":147,"column":4},"end":{"line":149,"column":5}},"type":"if","locations":[{"start":{"line":147,"column":4},"end":{"line":149,"column":5}}]},"17":{"loc":{"start":{"line":155,"column":24},"end":{"line":155,"column":47}},"type":"binary-expr","locations":[{"start":{"line":155,"column":24},"end":{"line":155,"column":41}},{"start":{"line":155,"column":45},"end":{"line":155,"column":47}}]},"18":{"loc":{"start":{"line":158,"column":6},"end":{"line":164,"column":7}},"type":"if","locations":[{"start":{"line":158,"column":6},"end":{"line":164,"column":7}},{"start":{"line":160,"column":13},"end":{"line":164,"column":7}}]},"19":{"loc":{"start":{"line":160,"column":13},"end":{"line":164,"column":7}},"type":"if","locations":[{"start":{"line":160,"column":13},"end":{"line":164,"column":7}},{"start":{"line":162,"column":13},"end":{"line":164,"column":7}}]},"20":{"loc":{"start":{"line":162,"column":13},"end":{"line":164,"column":7}},"type":"if","locations":[{"start":{"line":162,"column":13},"end":{"line":164,"column":7}}]}},"s":{"0":2,"1":5,"2":5,"3":5,"4":5,"5":5,"6":5,"7":5,"8":5,"9":5,"10":0,"11":0,"12":5,"13":5,"14":5,"15":4,"16":4,"17":0,"18":0,"19":4,"20":4,"21":4,"22":0,"23":4,"24":4,"25":7,"26":7,"27":4,"28":4,"29":4,"30":4,"31":4,"32":3,"33":3,"34":2,"35":2,"36":0,"37":2,"38":1,"39":3,"40":3,"41":3,"42":4,"43":0,"44":4,"45":4,"46":3,"47":3,"48":0,"49":3,"50":3,"51":0,"52":3,"53":0,"54":3,"55":3,"56":3,"57":3,"58":9,"59":9,"60":9,"61":3,"62":6,"63":3,"64":3,"65":3,"66":3,"67":2},"f":{"0":5,"1":0,"2":0,"3":4,"4":4,"5":4,"6":4,"7":3},"b":{"0":[1],"1":[5,5,5],"2":[5,1],"3":[1,1],"4":[5,1],"5":[5,3],"6":[3,3],"7":[0],"8":[0],"9":[4],"10":[0],"11":[1],"12":[0],"13":[4,0],"14":[0],"15":[0],"16":[0],"17":[3,0],"18":[3,6],"19":[3,3],"20":[3]}}
,"C:\\Users\\EMMA\\Desktop\\tikka-contracts\\oracle\\src\\listener\\ledger-checkpoint.ts": {"path":"C:\\Users\\EMMA\\Desktop\\tikka-contracts\\oracle\\src\\listener\\ledger-checkpoint.ts","statementMap":{"0":{"start":{"line":1,"column":0},"end":{"line":1,"column":41}},"1":{"start":{"line":2,"column":0},"end":{"line":2,"column":34}},"2":{"start":{"line":10,"column":31},"end":{"line":10,"column":47}},"3":{"start":{"line":13,"column":4},"end":{"line":22,"column":5}},"4":{"start":{"line":14,"column":18},"end":{"line":14,"column":58}},"5":{"start":{"line":15,"column":21},"end":{"line":15,"column":63}},"6":{"start":{"line":16,"column":6},"end":{"line":16,"column":83}},"7":{"start":{"line":18,"column":6},"end":{"line":20,"column":7}},"8":{"start":{"line":19,"column":8},"end":{"line":19,"column":25}},"9":{"start":{"line":21,"column":6},"end":{"line":21,"column":18}},"10":{"start":{"line":26,"column":4},"end":{"line":26,"column":69}},"11":{"start":{"line":27,"column":4},"end":{"line":27,"column":95}},"12":{"start":{"line":9,"column":0},"end":{"line":9,"column":13}},"13":{"start":{"line":35,"column":4},"end":{"line":35,"column":27}},"14":{"start":{"line":39,"column":4},"end":{"line":39,"column":29}},"15":{"start":{"line":31,"column":0},"end":{"line":31,"column":13}}},"fnMap":{"0":{"name":"(anonymous_9)","decl":{"start":{"line":10,"column":2},"end":{"line":10,"column":31}},"loc":{"start":{"line":10,"column":47},"end":{"line":10,"column":51}}},"1":{"name":"(anonymous_10)","decl":{"start":{"line":12,"column":2},"end":{"line":12,"column":7}},"loc":{"start":{"line":12,"column":12},"end":{"line":23,"column":3}}},"2":{"name":"(anonymous_11)","decl":{"start":{"line":25,"column":2},"end":{"line":25,"column":7}},"loc":{"start":{"line":25,"column":27},"end":{"line":28,"column":3}}},"3":{"name":"(anonymous_12)","decl":{"start":{"line":34,"column":2},"end":{"line":34,"column":7}},"loc":{"start":{"line":34,"column":12},"end":{"line":36,"column":3}}},"4":{"name":"(anonymous_13)","decl":{"start":{"line":38,"column":2},"end":{"line":38,"column":7}},"loc":{"start":{"line":38,"column":27},"end":{"line":40,"column":3}}}},"branchMap":{"0":{"loc":{"start":{"line":16,"column":13},"end":{"line":16,"column":82}},"type":"cond-expr","locations":[{"start":{"line":16,"column":53},"end":{"line":16,"column":70}},{"start":{"line":16,"column":73},"end":{"line":16,"column":82}}]},"1":{"loc":{"start":{"line":18,"column":6},"end":{"line":20,"column":7}},"type":"if","locations":[{"start":{"line":18,"column":6},"end":{"line":20,"column":7}}]}},"s":{"0":3,"1":3,"2":0,"3":0,"4":0,"5":0,"6":0,"7":0,"8":0,"9":0,"10":0,"11":0,"12":3,"13":14,"14":14,"15":3},"f":{"0":0,"1":0,"2":0,"3":14,"4":14},"b":{"0":[0,0],"1":[0]}}
,"C:\\Users\\EMMA\\Desktop\\tikka-contracts\\oracle\\src\\queue\\request-queue.ts": {"path":"C:\\Users\\EMMA\\Desktop\\tikka-contracts\\oracle\\src\\queue\\request-queue.ts","statementMap":{"0":{"start":{"line":16,"column":43},"end":{"line":16,"column":45}},"1":{"start":{"line":17,"column":44},"end":{"line":17,"column":46}},"2":{"start":{"line":23,"column":4},"end":{"line":23,"column":35}},"3":{"start":{"line":24,"column":4},"end":{"line":24,"column":94}},"4":{"start":{"line":25,"column":4},"end":{"line":25,"column":100}},"5":{"start":{"line":29,"column":4},"end":{"line":29,"column":24}},"6":{"start":{"line":30,"column":4},"end":{"line":30,"column":39}},"7":{"start":{"line":34,"column":20},"end":{"line":34,"column":34}},"8":{"start":{"line":35,"column":4},"end":{"line":35,"column":25}},"9":{"start":{"line":36,"column":4},"end":{"line":36,"column":33}},"10":{"start":{"line":37,"column":4},"end":{"line":37,"column":19}},"11":{"start":{"line":41,"column":4},"end":{"line":41,"column":28}},"12":{"start":{"line":49,"column":4},"end":{"line":51,"column":5}},"13":{"start":{"line":50,"column":6},"end":{"line":50,"column":13}},"14":{"start":{"line":53,"column":18},"end":{"line":53,"column":29}},"15":{"start":{"line":54,"column":4},"end":{"line":61,"column":5}},"16":{"start":{"line":55,"column":6},"end":{"line":60,"column":9}},"17":{"start":{"line":63,"column":29},"end":{"line":63,"column":49}},"18":{"start":{"line":64,"column":4},"end":{"line":72,"column":5}},"19":{"start":{"line":65,"column":20},"end":{"line":65,"column":42}},"20":{"start":{"line":66,"column":6},"end":{"line":71,"column":9}},"21":{"start":{"line":15,"column":0},"end":{"line":15,"column":13}}},"fnMap":{"0":{"name":"(anonymous_0)","decl":{"start":{"line":22,"column":2},"end":{"line":22,"column":14}},"loc":{"start":{"line":22,"column":47},"end":{"line":26,"column":3}}},"1":{"name":"(anonymous_1)","decl":{"start":{"line":28,"column":2},"end":{"line":28,"column":9}},"loc":{"start":{"line":28,"column":28},"end":{"line":31,"column":3}}},"2":{"name":"(anonymous_2)","decl":{"start":{"line":33,"column":2},"end":{"line":33,"column":7}},"loc":{"start":{"line":33,"column":7},"end":{"line":38,"column":3}}},"3":{"name":"(anonymous_3)","decl":{"start":{"line":40,"column":2},"end":{"line":40,"column":6}},"loc":{"start":{"line":40,"column":6},"end":{"line":42,"column":3}}},"4":{"name":"(anonymous_4)","decl":{"start":{"line":48,"column":2},"end":{"line":48,"column":13}},"loc":{"start":{"line":48,"column":38},"end":{"line":73,"column":3}}}},"branchMap":{"0":{"loc":{"start":{"line":22,"column":14},"end":{"line":22,"column":47}},"type":"default-arg","locations":[{"start":{"line":22,"column":45},"end":{"line":22,"column":47}}]},"1":{"loc":{"start":{"line":24,"column":22},"end":{"line":24,"column":93}},"type":"binary-expr","locations":[{"start":{"line":24,"column":22},"end":{"line":24,"column":40}},{"start":{"line":24,"column":44},"end":{"line":24,"column":93}}]},"2":{"loc":{"start":{"line":24,"column":51},"end":{"line":24,"column":92}},"type":"binary-expr","locations":[{"start":{"line":24,"column":51},"end":{"line":24,"column":86}},{"start":{"line":24,"column":90},"end":{"line":24,"column":92}}]},"3":{"loc":{"start":{"line":25,"column":22},"end":{"line":25,"column":99}},"type":"binary-expr","locations":[{"start":{"line":25,"column":22},"end":{"line":25,"column":40}},{"start":{"line":25,"column":44},"end":{"line":25,"column":99}}]},"4":{"loc":{"start":{"line":25,"column":51},"end":{"line":25,"column":98}},"type":"binary-expr","locations":[{"start":{"line":25,"column":51},"end":{"line":25,"column":87}},{"start":{"line":25,"column":91},"end":{"line":25,"column":98}}]},"5":{"loc":{"start":{"line":48,"column":14},"end":{"line":48,"column":38}},"type":"default-arg","locations":[{"start":{"line":48,"column":28},"end":{"line":48,"column":38}}]},"6":{"loc":{"start":{"line":49,"column":4},"end":{"line":51,"column":5}},"type":"if","locations":[{"start":{"line":49,"column":4},"end":{"line":51,"column":5}}]},"7":{"loc":{"start":{"line":54,"column":4},"end":{"line":61,"column":5}},"type":"if","locations":[{"start":{"line":54,"column":4},"end":{"line":61,"column":5}}]},"8":{"loc":{"start":{"line":64,"column":4},"end":{"line":72,"column":5}},"type":"if","locations":[{"start":{"line":64,"column":4},"end":{"line":72,"column":5}}]},"9":{"loc":{"start":{"line":64,"column":8},"end":{"line":64,"column":82}},"type":"binary-expr","locations":[{"start":{"line":64,"column":8},"end":{"line":64,"column":38}},{"start":{"line":64,"column":42},"end":{"line":64,"column":82}}]}},"s":{"0":18,"1":18,"2":18,"3":18,"4":18,"5":20,"6":20,"7":10,"8":10,"9":10,"10":10,"11":7,"12":4,"13":1,"14":3,"15":3,"16":1,"17":3,"18":3,"19":1,"20":1,"21":4},"f":{"0":18,"1":20,"2":10,"3":7,"4":4},"b":{"0":[14],"1":[18,14],"2":[14,14],"3":[18,14],"4":[14,14],"5":[2],"6":[1],"7":[1],"8":[1],"9":[3,3]}}
,"C:\\Users\\EMMA\\Desktop\\tikka-contracts\\oracle\\src\\shutdown\\graceful-shutdown.ts": {"path":"C:\\Users\\EMMA\\Desktop\\tikka-contracts\\oracle\\src\\shutdown\\graceful-shutdown.ts","statementMap":{"0":{"start":{"line":62,"column":30},"end":{"line":62,"column":35}},"1":{"start":{"line":65,"column":21},"end":{"line":65,"column":40}},"2":{"start":{"line":66,"column":21},"end":{"line":66,"column":59}},"3":{"start":{"line":69,"column":4},"end":{"line":69,"column":59}},"4":{"start":{"line":70,"column":4},"end":{"line":70,"column":74}},"5":{"start":{"line":70,"column":51},"end":{"line":70,"column":72}},"6":{"start":{"line":71,"column":4},"end":{"line":71,"column":67}},"7":{"start":{"line":71,"column":47},"end":{"line":71,"column":65}},"8":{"start":{"line":72,"column":4},"end":{"line":72,"column":81}},"9":{"start":{"line":72,"column":61},"end":{"line":72,"column":79}},"10":{"start":{"line":73,"column":4},"end":{"line":73,"column":77}},"11":{"start":{"line":73,"column":60},"end":{"line":73,"column":75}},"12":{"start":{"line":83,"column":4},"end":{"line":83,"column":41}},"13":{"start":{"line":85,"column":20},"end":{"line":88,"column":5}},"14":{"start":{"line":86,"column":6},"end":{"line":86,"column":70}},"15":{"start":{"line":87,"column":6},"end":{"line":87,"column":27}},"16":{"start":{"line":90,"column":4},"end":{"line":90,"column":54}},"17":{"start":{"line":90,"column":34},"end":{"line":90,"column":52}},"18":{"start":{"line":91,"column":4},"end":{"line":91,"column":52}},"19":{"start":{"line":91,"column":33},"end":{"line":91,"column":50}},"20":{"start":{"line":101,"column":4},"end":{"line":103,"column":5}},"21":{"start":{"line":102,"column":6},"end":{"line":102,"column":13}},"22":{"start":{"line":104,"column":4},"end":{"line":104,"column":34}},"23":{"start":{"line":107,"column":4},"end":{"line":107,"column":27}},"24":{"start":{"line":110,"column":19},"end":{"line":110,"column":24}},"25":{"start":{"line":111,"column":27},"end":{"line":117,"column":27}},"26":{"start":{"line":112,"column":6},"end":{"line":112,"column":22}},"27":{"start":{"line":113,"column":6},"end":{"line":115,"column":8}},"28":{"start":{"line":116,"column":6},"end":{"line":116,"column":21}},"29":{"start":{"line":120,"column":4},"end":{"line":122,"column":5}},"30":{"start":{"line":121,"column":7},"end":{"line":121,"column":49}},"31":{"start":{"line":124,"column":4},"end":{"line":128,"column":5}},"32":{"start":{"line":125,"column":6},"end":{"line":125,"column":30}},"33":{"start":{"line":127,"column":6},"end":{"line":127,"column":48}},"34":{"start":{"line":130,"column":4},"end":{"line":132,"column":5}},"35":{"start":{"line":131,"column":6},"end":{"line":131,"column":42}},"36":{"start":{"line":135,"column":4},"end":{"line":143,"column":5}},"37":{"start":{"line":136,"column":29},"end":{"line":136,"column":62}},"38":{"start":{"line":137,"column":6},"end":{"line":140,"column":7}},"39":{"start":{"line":138,"column":8},"end":{"line":138,"column":56}},"40":{"start":{"line":139,"column":8},"end":{"line":139,"column":73}},"41":{"start":{"line":142,"column":6},"end":{"line":142,"column":70}},"42":{"start":{"line":146,"column":4},"end":{"line":149,"column":5}},"43":{"start":{"line":147,"column":6},"end":{"line":147,"column":60}},"44":{"start":{"line":148,"column":6},"end":{"line":148,"column":21}},"45":{"start":{"line":159,"column":17},"end":{"line":159,"column":35}},"46":{"start":{"line":160,"column":4},"end":{"line":162,"column":5}},"47":{"start":{"line":161,"column":6},"end":{"line":161,"column":13}},"48":{"start":{"line":163,"column":4},"end":{"line":163,"column":77}},"49":{"start":{"line":165,"column":4},"end":{"line":183,"column":5}},"50":{"start":{"line":166,"column":6},"end":{"line":182,"column":7}},"51":{"start":{"line":167,"column":26},"end":{"line":167,"column":52}},"52":{"start":{"line":168,"column":8},"end":{"line":176,"column":9}},"53":{"start":{"line":169,"column":10},"end":{"line":171,"column":12}},"54":{"start":{"line":173,"column":10},"end":{"line":175,"column":12}},"55":{"start":{"line":178,"column":8},"end":{"line":181,"column":10}},"56":{"start":{"line":51,"column":0},"end":{"line":51,"column":13}}},"fnMap":{"0":{"name":"(anonymous_0)","decl":{"start":{"line":64,"column":2},"end":{"line":64,"column":null}},"loc":{"start":{"line":67,"column":33},"end":{"line":74,"column":3}}},"1":{"name":"(anonymous_1)","decl":{"start":{"line":70,"column":45},"end":{"line":70,"column":48}},"loc":{"start":{"line":70,"column":51},"end":{"line":70,"column":72}}},"2":{"name":"(anonymous_2)","decl":{"start":{"line":71,"column":37},"end":{"line":71,"column":38}},"loc":{"start":{"line":71,"column":47},"end":{"line":71,"column":65}}},"3":{"name":"(anonymous_3)","decl":{"start":{"line":72,"column":49},"end":{"line":72,"column":50}},"loc":{"start":{"line":72,"column":61},"end":{"line":72,"column":79}}},"4":{"name":"(anonymous_4)","decl":{"start":{"line":73,"column":53},"end":{"line":73,"column":54}},"loc":{"start":{"line":73,"column":60},"end":{"line":73,"column":75}}},"5":{"name":"(anonymous_5)","decl":{"start":{"line":82,"column":2},"end":{"line":82,"column":10}},"loc":{"start":{"line":82,"column":38},"end":{"line":92,"column":3}}},"6":{"name":"(anonymous_6)","decl":{"start":{"line":85,"column":20},"end":{"line":85,"column":21}},"loc":{"start":{"line":85,"column":39},"end":{"line":88,"column":5}}},"7":{"name":"(anonymous_7)","decl":{"start":{"line":90,"column":28},"end":{"line":90,"column":31}},"loc":{"start":{"line":90,"column":34},"end":{"line":90,"column":52}}},"8":{"name":"(anonymous_8)","decl":{"start":{"line":91,"column":27},"end":{"line":91,"column":30}},"loc":{"start":{"line":91,"column":33},"end":{"line":91,"column":50}}},"9":{"name":"(anonymous_9)","decl":{"start":{"line":98,"column":2},"end":{"line":98,"column":7}},"loc":{"start":{"line":98,"column":16},"end":{"line":150,"column":3}}},"10":{"name":"(anonymous_10)","decl":{"start":{"line":111,"column":45},"end":{"line":111,"column":48}},"loc":{"start":{"line":111,"column":50},"end":{"line":117,"column":5}}},"11":{"name":"(anonymous_11)","decl":{"start":{"line":158,"column":10},"end":{"line":158,"column":15}},"loc":{"start":{"line":158,"column":26},"end":{"line":184,"column":3}}}},"branchMap":{"0":{"loc":{"start":{"line":67,"column":4},"end":{"line":67,"column":33}},"type":"default-arg","locations":[{"start":{"line":67,"column":31},"end":{"line":67,"column":33}}]},"1":{"loc":{"start":{"line":69,"column":26},"end":{"line":69,"column":58}},"type":"binary-expr","locations":[{"start":{"line":69,"column":26},"end":{"line":69,"column":48}},{"start":{"line":69,"column":52},"end":{"line":69,"column":58}}]},"2":{"loc":{"start":{"line":70,"column":22},"end":{"line":70,"column":73}},"type":"binary-expr","locations":[{"start":{"line":70,"column":22},"end":{"line":70,"column":40}},{"start":{"line":70,"column":45},"end":{"line":70,"column":72}}]},"3":{"loc":{"start":{"line":71,"column":18},"end":{"line":71,"column":66}},"type":"binary-expr","locations":[{"start":{"line":71,"column":18},"end":{"line":71,"column":32}},{"start":{"line":71,"column":37},"end":{"line":71,"column":65}}]},"4":{"loc":{"start":{"line":72,"column":24},"end":{"line":72,"column":80}},"type":"binary-expr","locations":[{"start":{"line":72,"column":24},"end":{"line":72,"column":44}},{"start":{"line":72,"column":49},"end":{"line":72,"column":79}}]},"5":{"loc":{"start":{"line":73,"column":26},"end":{"line":73,"column":76}},"type":"binary-expr","locations":[{"start":{"line":73,"column":26},"end":{"line":73,"column":48}},{"start":{"line":73,"column":53},"end":{"line":73,"column":75}}]},"6":{"loc":{"start":{"line":101,"column":4},"end":{"line":103,"column":5}},"type":"if","locations":[{"start":{"line":101,"column":4},"end":{"line":103,"column":5}}]},"7":{"loc":{"start":{"line":120,"column":4},"end":{"line":122,"column":5}},"type":"if","locations":[{"start":{"line":120,"column":4},"end":{"line":122,"column":5}}]},"8":{"loc":{"start":{"line":130,"column":4},"end":{"line":132,"column":5}},"type":"if","locations":[{"start":{"line":130,"column":4},"end":{"line":132,"column":5}}]},"9":{"loc":{"start":{"line":137,"column":6},"end":{"line":140,"column":7}},"type":"if","locations":[{"start":{"line":137,"column":6},"end":{"line":140,"column":7}}]},"10":{"loc":{"start":{"line":146,"column":4},"end":{"line":149,"column":5}},"type":"if","locations":[{"start":{"line":146,"column":4},"end":{"line":149,"column":5}}]},"11":{"loc":{"start":{"line":160,"column":4},"end":{"line":162,"column":5}},"type":"if","locations":[{"start":{"line":160,"column":4},"end":{"line":162,"column":5}}]},"12":{"loc":{"start":{"line":168,"column":8},"end":{"line":176,"column":9}},"type":"if","locations":[{"start":{"line":168,"column":8},"end":{"line":176,"column":9}},{"start":{"line":172,"column":15},"end":{"line":176,"column":9}}]}},"s":{"0":8,"1":8,"2":8,"3":8,"4":8,"5":2,"6":8,"7":0,"8":8,"9":7,"10":8,"11":7,"12":8,"13":8,"14":0,"15":0,"16":8,"17":0,"18":8,"19":0,"20":9,"21":1,"22":8,"23":8,"24":8,"25":8,"26":1,"27":1,"28":1,"29":8,"30":7,"31":8,"32":8,"33":0,"34":7,"35":7,"36":7,"37":7,"38":7,"39":5,"40":5,"41":0,"42":7,"43":7,"44":7,"45":8,"46":8,"47":3,"48":5,"49":5,"50":11,"51":11,"52":9,"53":8,"54":1,"55":1,"56":1},"f":{"0":8,"1":2,"2":0,"3":7,"4":7,"5":8,"6":0,"7":0,"8":0,"9":9,"10":1,"11":8},"b":{"0":[0],"1":[8,0],"2":[8,4],"3":[8,0],"4":[8,7],"5":[8,7],"6":[1],"7":[7],"8":[7],"9":[5],"10":[7],"11":[3],"12":[8,1]}}
,"C:\\Users\\EMMA\\Desktop\\tikka-contracts\\oracle\\src\\tx\\tx-submitter.service.ts": {"path":"C:\\Users\\EMMA\\Desktop\\tikka-contracts\\oracle\\src\\tx\\tx-submitter.service.ts","statementMap":{"0":{"start":{"line":1,"column":0},"end":{"line":1,"column":null}},"1":{"start":{"line":12,"column":20},"end":{"line":12,"column":21}},"2":{"start":{"line":13,"column":24},"end":{"line":13,"column":27}},"3":{"start":{"line":38,"column":32},"end":{"line":38,"column":33}},"4":{"start":{"line":41,"column":21},"end":{"line":41,"column":43}},"5":{"start":{"line":45,"column":4},"end":{"line":47,"column":5}},"6":{"start":{"line":46,"column":6},"end":{"line":46,"column":36}},"7":{"start":{"line":48,"column":19},"end":{"line":48,"column":105}},"8":{"start":{"line":49,"column":4},"end":{"line":49,"column":93}},"9":{"start":{"line":50,"column":4},"end":{"line":51,"column":94}},"10":{"start":{"line":52,"column":4},"end":{"line":52,"column":35}},"11":{"start":{"line":53,"column":4},"end":{"line":54,"column":83}},"12":{"start":{"line":55,"column":4},"end":{"line":55,"column":98}},"13":{"start":{"line":55,"column":47},"end":{"line":55,"column":96}},"14":{"start":{"line":55,"column":72},"end":{"line":55,"column":95}},"15":{"start":{"line":61,"column":4},"end":{"line":85,"column":5}},"16":{"start":{"line":61,"column":23},"end":{"line":61,"column":24}},"17":{"start":{"line":62,"column":6},"end":{"line":84,"column":7}},"18":{"start":{"line":63,"column":21},"end":{"line":63,"column":50}},"19":{"start":{"line":64,"column":8},"end":{"line":64,"column":37}},"20":{"start":{"line":65,"column":8},"end":{"line":65,"column":20}},"21":{"start":{"line":67,"column":8},"end":{"line":67,"column":72}},"22":{"start":{"line":68,"column":24},"end":{"line":68,"column":41}},"23":{"start":{"line":70,"column":8},"end":{"line":70,"column":36}},"24":{"start":{"line":72,"column":8},"end":{"line":74,"column":9}},"25":{"start":{"line":73,"column":10},"end":{"line":73,"column":89}},"26":{"start":{"line":76,"column":8},"end":{"line":78,"column":9}},"27":{"start":{"line":77,"column":10},"end":{"line":77,"column":41}},"28":{"start":{"line":80,"column":8},"end":{"line":83,"column":9}},"29":{"start":{"line":81,"column":24},"end":{"line":81,"column":54}},"30":{"start":{"line":82,"column":10},"end":{"line":82,"column":38}},"31":{"start":{"line":87,"column":4},"end":{"line":89,"column":6}},"32":{"start":{"line":93,"column":20},"end":{"line":93,"column":48}},"33":{"start":{"line":94,"column":20},"end":{"line":94,"column":69}},"34":{"start":{"line":95,"column":21},"end":{"line":95,"column":67}},"35":{"start":{"line":96,"column":26},"end":{"line":96,"column":68}},"36":{"start":{"line":98,"column":21},"end":{"line":98,"column":56}},"37":{"start":{"line":99,"column":22},"end":{"line":104,"column":null}},"38":{"start":{"line":107,"column":13},"end":{"line":113,"column":14}},"39":{"start":{"line":115,"column":22},"end":{"line":115,"column":63}},"40":{"start":{"line":116,"column":4},"end":{"line":118,"column":5}},"41":{"start":{"line":117,"column":6},"end":{"line":117,"column":73}},"42":{"start":{"line":120,"column":21},"end":{"line":120,"column":74}},"43":{"start":{"line":121,"column":4},"end":{"line":121,"column":27}},"44":{"start":{"line":123,"column":23},"end":{"line":123,"column":66}},"45":{"start":{"line":124,"column":4},"end":{"line":126,"column":5}},"46":{"start":{"line":125,"column":6},"end":{"line":125,"column":100}},"47":{"start":{"line":128,"column":17},"end":{"line":128,"column":32}},"48":{"start":{"line":129,"column":19},"end":{"line":129,"column":51}},"49":{"start":{"line":131,"column":4},"end":{"line":135,"column":5}},"50":{"start":{"line":132,"column":6},"end":{"line":132,"column":57}},"51":{"start":{"line":133,"column":6},"end":{"line":133,"column":59}},"52":{"start":{"line":134,"column":6},"end":{"line":134,"column":18}},"53":{"start":{"line":137,"column":4},"end":{"line":139,"column":5}},"54":{"start":{"line":138,"column":6},"end":{"line":138,"column":62}},"55":{"start":{"line":141,"column":4},"end":{"line":141,"column":60}},"56":{"start":{"line":149,"column":4},"end":{"line":155,"column":5}},"57":{"start":{"line":149,"column":17},"end":{"line":149,"column":18}},"58":{"start":{"line":150,"column":21},"end":{"line":150,"column":59}},"59":{"start":{"line":151,"column":6},"end":{"line":153,"column":7}},"60":{"start":{"line":152,"column":8},"end":{"line":152,"column":22}},"61":{"start":{"line":154,"column":6},"end":{"line":154,"column":39}},"62":{"start":{"line":156,"column":4},"end":{"line":156,"column":83}},"63":{"start":{"line":160,"column":22},"end":{"line":174,"column":6}},"64":{"start":{"line":175,"column":4},"end":{"line":175,"column":62}},"65":{"start":{"line":175,"column":37},"end":{"line":175,"column":60}},"66":{"start":{"line":179,"column":4},"end":{"line":179,"column":34}},"67":{"start":{"line":180,"column":4},"end":{"line":182,"column":5}},"68":{"start":{"line":181,"column":6},"end":{"line":181,"column":13}},"69":{"start":{"line":184,"column":4},"end":{"line":193,"column":7}},"70":{"start":{"line":31,"column":0},"end":{"line":31,"column":13}}},"fnMap":{"0":{"name":"(anonymous_0)","decl":{"start":{"line":40,"column":2},"end":{"line":40,"column":null}},"loc":{"start":{"line":42,"column":45},"end":{"line":56,"column":3}}},"1":{"name":"(anonymous_1)","decl":{"start":{"line":55,"column":39},"end":{"line":55,"column":40}},"loc":{"start":{"line":55,"column":47},"end":{"line":55,"column":96}}},"2":{"name":"(anonymous_2)","decl":{"start":{"line":55,"column":59},"end":{"line":55,"column":60}},"loc":{"start":{"line":55,"column":72},"end":{"line":55,"column":95}}},"3":{"name":"(anonymous_3)","decl":{"start":{"line":58,"column":2},"end":{"line":58,"column":7}},"loc":{"start":{"line":58,"column":63},"end":{"line":90,"column":3}}},"4":{"name":"(anonymous_4)","decl":{"start":{"line":92,"column":10},"end":{"line":92,"column":15}},"loc":{"start":{"line":92,"column":58},"end":{"line":142,"column":3}}},"5":{"name":"(anonymous_5)","decl":{"start":{"line":144,"column":10},"end":{"line":144,"column":15}},"loc":{"start":{"line":147,"column":21},"end":{"line":157,"column":3}}},"6":{"name":"(anonymous_6)","decl":{"start":{"line":159,"column":10},"end":{"line":159,"column":21}},"loc":{"start":{"line":159,"column":37},"end":{"line":176,"column":3}}},"7":{"name":"(anonymous_7)","decl":{"start":{"line":175,"column":26},"end":{"line":175,"column":27}},"loc":{"start":{"line":175,"column":37},"end":{"line":175,"column":60}}},"8":{"name":"(anonymous_8)","decl":{"start":{"line":178,"column":10},"end":{"line":178,"column":23}},"loc":{"start":{"line":178,"column":39},"end":{"line":194,"column":3}}}},"branchMap":{"0":{"loc":{"start":{"line":42,"column":4},"end":{"line":42,"column":45}},"type":"default-arg","locations":[{"start":{"line":42,"column":43},"end":{"line":42,"column":45}}]},"1":{"loc":{"start":{"line":45,"column":4},"end":{"line":47,"column":5}},"type":"if","locations":[{"start":{"line":45,"column":4},"end":{"line":47,"column":5}}]},"2":{"loc":{"start":{"line":48,"column":19},"end":{"line":48,"column":105}},"type":"binary-expr","locations":[{"start":{"line":48,"column":19},"end":{"line":48,"column":33}},{"start":{"line":48,"column":37},"end":{"line":48,"column":64}},{"start":{"line":48,"column":68},"end":{"line":48,"column":105}}]},"3":{"loc":{"start":{"line":51,"column":6},"end":{"line":51,"column":93}},"type":"binary-expr","locations":[{"start":{"line":51,"column":6},"end":{"line":51,"column":31}},{"start":{"line":51,"column":35},"end":{"line":51,"column":73}},{"start":{"line":51,"column":77},"end":{"line":51,"column":93}}]},"4":{"loc":{"start":{"line":54,"column":6},"end":{"line":54,"column":82}},"type":"binary-expr","locations":[{"start":{"line":54,"column":6},"end":{"line":54,"column":30}},{"start":{"line":54,"column":34},"end":{"line":54,"column":82}}]},"5":{"loc":{"start":{"line":54,"column":41},"end":{"line":54,"column":81}},"type":"binary-expr","locations":[{"start":{"line":54,"column":41},"end":{"line":54,"column":76}},{"start":{"line":54,"column":80},"end":{"line":54,"column":81}}]},"6":{"loc":{"start":{"line":55,"column":21},"end":{"line":55,"column":97}},"type":"binary-expr","locations":[{"start":{"line":55,"column":21},"end":{"line":55,"column":34}},{"start":{"line":55,"column":39},"end":{"line":55,"column":96}}]},"7":{"loc":{"start":{"line":67,"column":20},"end":{"line":67,"column":71}},"type":"cond-expr","locations":[{"start":{"line":67,"column":43},"end":{"line":67,"column":46}},{"start":{"line":67,"column":49},"end":{"line":67,"column":71}}]},"8":{"loc":{"start":{"line":72,"column":8},"end":{"line":74,"column":9}},"type":"if","locations":[{"start":{"line":72,"column":8},"end":{"line":74,"column":9}}]},"9":{"loc":{"start":{"line":76,"column":8},"end":{"line":78,"column":9}},"type":"if","locations":[{"start":{"line":76,"column":8},"end":{"line":78,"column":9}}]},"10":{"loc":{"start":{"line":76,"column":12},"end":{"line":76,"column":87}},"type":"binary-expr","locations":[{"start":{"line":76,"column":12},"end":{"line":76,"column":55}},{"start":{"line":76,"column":59},"end":{"line":76,"column":87}}]},"11":{"loc":{"start":{"line":80,"column":8},"end":{"line":83,"column":9}},"type":"if","locations":[{"start":{"line":80,"column":8},"end":{"line":83,"column":9}}]},"12":{"loc":{"start":{"line":95,"column":21},"end":{"line":95,"column":67}},"type":"binary-expr","locations":[{"start":{"line":95,"column":21},"end":{"line":95,"column":39}},{"start":{"line":95,"column":43},"end":{"line":95,"column":67}}]},"13":{"loc":{"start":{"line":116,"column":4},"end":{"line":118,"column":5}},"type":"if","locations":[{"start":{"line":116,"column":4},"end":{"line":118,"column":5}}]},"14":{"loc":{"start":{"line":124,"column":4},"end":{"line":126,"column":5}},"type":"if","locations":[{"start":{"line":124,"column":4},"end":{"line":126,"column":5}}]},"15":{"loc":{"start":{"line":125,"column":38},"end":{"line":125,"column":96}},"type":"binary-expr","locations":[{"start":{"line":125,"column":38},"end":{"line":125,"column":77}},{"start":{"line":125,"column":81},"end":{"line":125,"column":96}}]},"16":{"loc":{"start":{"line":131,"column":4},"end":{"line":135,"column":5}},"type":"if","locations":[{"start":{"line":131,"column":4},"end":{"line":135,"column":5}}]},"17":{"loc":{"start":{"line":137,"column":4},"end":{"line":139,"column":5}},"type":"if","locations":[{"start":{"line":137,"column":4},"end":{"line":139,"column":5}}]},"18":{"loc":{"start":{"line":146,"column":4},"end":{"line":146,"column":20}},"type":"default-arg","locations":[{"start":{"line":146,"column":18},"end":{"line":146,"column":20}}]},"19":{"loc":{"start":{"line":147,"column":4},"end":{"line":147,"column":21}},"type":"default-arg","locations":[{"start":{"line":147,"column":17},"end":{"line":147,"column":21}}]},"20":{"loc":{"start":{"line":151,"column":6},"end":{"line":153,"column":7}},"type":"if","locations":[{"start":{"line":151,"column":6},"end":{"line":153,"column":7}}]},"21":{"loc":{"start":{"line":180,"column":4},"end":{"line":182,"column":5}},"type":"if","locations":[{"start":{"line":180,"column":4},"end":{"line":182,"column":5}}]},"22":{"loc":{"start":{"line":180,"column":8},"end":{"line":180,"column":73}},"type":"binary-expr","locations":[{"start":{"line":180,"column":8},"end":{"line":180,"column":21}},{"start":{"line":180,"column":25},"end":{"line":180,"column":73}}]}},"s":{"0":2,"1":2,"2":2,"3":3,"4":3,"5":3,"6":0,"7":3,"8":3,"9":3,"10":3,"11":3,"12":3,"13":0,"14":0,"15":5,"16":5,"17":5,"18":5,"19":0,"20":0,"21":5,"22":5,"23":5,"24":5,"25":5,"26":0,"27":0,"28":0,"29":0,"30":0,"31":0,"32":5,"33":5,"34":0,"35":0,"36":0,"37":0,"38":0,"39":0,"40":0,"41":0,"42":0,"43":0,"44":0,"45":0,"46":0,"47":0,"48":0,"49":0,"50":0,"51":0,"52":0,"53":0,"54":0,"55":0,"56":0,"57":0,"58":0,"59":0,"60":0,"61":0,"62":0,"63":5,"64":5,"65":60,"66":5,"67":5,"68":1,"69":4,"70":2},"f":{"0":3,"1":0,"2":0,"3":5,"4":5,"5":0,"6":5,"7":60,"8":5},"b":{"0":[0],"1":[0],"2":[3,3,3],"3":[3,3,3],"4":[3,0],"5":[0,0],"6":[3,0],"7":[5,0],"8":[5],"9":[0],"10":[0,0],"11":[0],"12":[0,0],"13":[0],"14":[0],"15":[0,0],"16":[0],"17":[0],"18":[0],"19":[0],"20":[0],"21":[1],"22":[5,5]}}
,"C:\\Users\\EMMA\\Desktop\\tikka-contracts\\oracle\\src\\vrf\\proof-message.ts": {"path":"C:\\Users\\EMMA\\Desktop\\tikka-contracts\\oracle\\src\\vrf\\proof-message.ts","statementMap":{"0":{"start":{"line":11,"column":0},"end":{"line":11,"column":16}},"1":{"start":{"line":31,"column":0},"end":{"line":31,"column":16}},"2":{"start":{"line":1,"column":0},"end":{"line":1,"column":67}},"3":{"start":{"line":12,"column":2},"end":{"line":14,"column":3}},"4":{"start":{"line":13,"column":4},"end":{"line":13,"column":59}},"5":{"start":{"line":15,"column":2},"end":{"line":17,"column":3}},"6":{"start":{"line":16,"column":4},"end":{"line":16,"column":61}},"7":{"start":{"line":18,"column":14},"end":{"line":18,"column":35}},"8":{"start":{"line":20,"column":13},"end":{"line":20,"column":48}},"9":{"start":{"line":21,"column":13},"end":{"line":21,"column":39}},"10":{"start":{"line":22,"column":2},"end":{"line":22,"column":27}},"11":{"start":{"line":23,"column":2},"end":{"line":23,"column":27}},"12":{"start":{"line":24,"column":2},"end":{"line":24,"column":13}},"13":{"start":{"line":36,"column":18},"end":{"line":36,"column":45}},"14":{"start":{"line":37,"column":16},"end":{"line":41,"column":4}},"15":{"start":{"line":42,"column":2},"end":{"line":42,"column":36}}},"fnMap":{"0":{"name":"buildProofMessage","decl":{"start":{"line":11,"column":16},"end":{"line":11,"column":33}},"loc":{"start":{"line":11,"column":46},"end":{"line":25,"column":1}}},"1":{"name":"buildVrfProofMessage","decl":{"start":{"line":31,"column":16},"end":{"line":31,"column":36}},"loc":{"start":{"line":34,"column":20},"end":{"line":43,"column":1}}}},"branchMap":{"0":{"loc":{"start":{"line":12,"column":2},"end":{"line":14,"column":3}},"type":"if","locations":[{"start":{"line":12,"column":2},"end":{"line":14,"column":3}}]},"1":{"loc":{"start":{"line":15,"column":2},"end":{"line":17,"column":3}},"type":"if","locations":[{"start":{"line":15,"column":2},"end":{"line":17,"column":3}}]}},"s":{"0":4,"1":4,"2":4,"3":24,"4":1,"5":23,"6":1,"7":22,"8":22,"9":22,"10":22,"11":22,"12":22,"13":4,"14":4,"15":4},"f":{"0":24,"1":4},"b":{"0":[1],"1":[1]}}
,"C:\\Users\\EMMA\\Desktop\\tikka-contracts\\oracle\\src\\vrf\\vrf.service.ts": {"path":"C:\\Users\\EMMA\\Desktop\\tikka-contracts\\oracle\\src\\vrf\\vrf.service.ts","statementMap":{"0":{"start":{"line":2,"column":0},"end":{"line":2,"column":55}},"1":{"start":{"line":12,"column":31},"end":{"line":12,"column":53}},"2":{"start":{"line":22,"column":20},"end":{"line":22,"column":79}},"3":{"start":{"line":23,"column":18},"end":{"line":23,"column":47}},"4":{"start":{"line":25,"column":4},"end":{"line":30,"column":6}},"5":{"start":{"line":11,"column":0},"end":{"line":11,"column":13}}},"fnMap":{"0":{"name":"(anonymous_0)","decl":{"start":{"line":12,"column":2},"end":{"line":12,"column":31}},"loc":{"start":{"line":12,"column":53},"end":{"line":12,"column":57}}},"1":{"name":"(anonymous_1)","decl":{"start":{"line":17,"column":2},"end":{"line":17,"column":21}},"loc":{"start":{"line":20,"column":22},"end":{"line":31,"column":3}}}},"branchMap":{},"s":{"0":2,"1":1,"2":1,"3":1,"4":1,"5":2},"f":{"0":1,"1":1},"b":{}}
}
