TN:
SF:src\config.ts
FN:18,readPositiveInt
FN:33,isValidSecretKey
FN:55,loadAndValidateConfig
FNF:3
FNH:3
FNDA:30,readPositiveInt
FNDA:5,isValidSecretKey
FNDA:6,loadAndValidateConfig
DA:1,1
DA:2,1
DA:19,30
DA:20,30
DA:21,24
DA:24,6
DA:25,6
DA:26,1
DA:27,1
DA:30,5
DA:34,5
DA:37,5
DA:38,4
DA:39,4
DA:40,4
DA:42,0
DA:47,1
DA:48,1
DA:49,0
DA:51,1
DA:55,1
DA:56,6
DA:58,6
DA:59,6
DA:60,1
DA:61,5
DA:62,1
DA:65,6
DA:66,6
DA:67,1
DA:70,6
DA:71,6
DA:72,1
DA:76,6
DA:77,6
DA:78,6
DA:79,0
DA:82,6
DA:83,6
DA:84,6
DA:85,6
DA:86,6
DA:87,6
DA:89,6
DA:90,3
DA:91,3
DA:92,5
DA:94,3
DA:97,3
LF:49
LH:46
BRDA:20,0,0,24
BRDA:20,1,0,30
BRDA:20,1,1,6
BRDA:25,2,0,1
BRDA:25,3,0,6
BRDA:25,3,1,5
BRDA:37,4,0,4
BRDA:59,5,0,1
BRDA:59,5,1,5
BRDA:61,6,0,1
BRDA:66,7,0,1
BRDA:71,8,0,1
BRDA:76,9,0,6
BRDA:76,9,1,5
BRDA:76,9,2,5
BRDA:78,10,0,0
BRDA:78,11,0,6
BRDA:78,11,1,6
BRDA:82,12,0,6
BRDA:82,12,1,5
BRDA:89,13,0,3
BRDA:101,14,0,3
BRDA:101,14,1,2
BRF:23
BRH:22
end_of_record
TN:
SF:src\alert\alerter.ts
FN:28,(anonymous_0)
FN:37,(anonymous_1)
FN:47,(anonymous_2)
FN:80,(anonymous_3)
FN:84,(anonymous_4)
FNF:5
FNH:3
FNDA:16,(anonymous_0)
FNDA:23,(anonymous_1)
FNDA:21,(anonymous_2)
FNDA:0,(anonymous_3)
FNDA:0,(anonymous_4)
DA:22,4
DA:26,16
DA:29,16
DA:30,16
DA:31,16
DA:32,16
DA:38,23
DA:48,21
DA:49,1
DA:52,20
DA:53,20
DA:54,20
DA:55,6
DA:57,14
DA:59,14
DA:61,14
DA:62,14
DA:67,13
DA:68,1
DA:71,1
DA:76,14
DA:81,0
DA:85,0
LF:23
LH:21
BRDA:28,0,0,0
BRDA:29,1,0,16
BRDA:29,1,1,2
BRDA:29,1,2,1
BRDA:30,2,0,16
BRDA:30,2,1,12
BRDA:30,3,0,12
BRDA:30,3,1,11
BRDA:31,4,0,16
BRDA:31,4,1,0
BRDA:31,5,0,16
BRDA:31,5,1,16
BRDA:33,6,0,16
BRDA:33,6,1,0
BRDA:34,7,0,0
BRDA:34,7,1,0
BRDA:48,8,0,1
BRDA:53,9,0,20
BRDA:53,9,1,13
BRDA:54,10,0,6
BRDA:67,11,0,1
BRDA:72,12,0,1
BRDA:72,12,1,0
BRF:23
BRH:17
end_of_record
TN:
SF:src\deduplication\deduplication.store.ts
FN:9,(anonymous_9)
FN:18,(anonymous_10)
FN:34,(anonymous_11)
FN:50,(anonymous_12)
FN:61,(anonymous_13)
FN:67,(anonymous_14)
FNF:6
FNH:4
FNDA:8,(anonymous_9)
FNDA:8,(anonymous_10)
FNDA:1009,(anonymous_11)
FNDA:1015,(anonymous_12)
FNDA:0,(anonymous_13)
FNDA:0,(anonymous_14)
DA:1,2
DA:2,2
DA:4,2
DA:5,8
DA:10,8
DA:11,8
DA:13,8
DA:14,8
DA:19,8
DA:20,8
DA:21,2
DA:22,1
DA:25,1
DA:27,1
DA:28,1
DA:29,0
DA:35,1009
DA:36,0
DA:39,1009
DA:40,1009
DA:41,1009
DA:42,0
DA:44,1009
DA:46,1
DA:51,1015
DA:52,1015
DA:53,6
DA:55,1009
DA:56,1009
DA:57,1009
DA:62,0
DA:63,0
DA:68,0
DA:69,0
DA:70,0
DA:71,0
LF:36
LH:27
BRDA:9,0,0,0
BRDA:13,1,0,8
BRDA:20,2,0,2
BRDA:22,3,0,1
BRDA:22,3,1,0
BRDA:28,4,0,0
BRDA:35,5,0,0
BRDA:41,6,0,0
BRDA:52,7,0,6
BRDA:69,8,0,0
BRF:10
BRH:4
end_of_record
TN:
SF:src\keys\key.service.ts
FN:12,(anonymous_0)
FN:26,(anonymous_1)
FN:35,(anonymous_2)
FN:51,(anonymous_3)
FN:56,(anonymous_4)
FN:61,(anonymous_5)
FN:66,(anonymous_6)
FN:74,(anonymous_7)
FN:82,(anonymous_8)
FN:89,(anonymous_9)
FN:89,(anonymous_10)
FN:89,(anonymous_11)
FN:90,(anonymous_12)
FNF:13
FNH:9
FNDA:6,(anonymous_0)
FNDA:9,(anonymous_1)
FNDA:9,(anonymous_2)
FNDA:5,(anonymous_3)
FNDA:1,(anonymous_4)
FNDA:2,(anonymous_5)
FNDA:3,(anonymous_6)
FNDA:1,(anonymous_7)
FNDA:11,(anonymous_8)
FNDA:0,(anonymous_9)
FNDA:0,(anonymous_10)
FNDA:0,(anonymous_11)
FNDA:0,(anonymous_12)
DA:1,4
DA:2,4
DA:11,4
DA:13,6
DA:14,6
DA:15,2
DA:17,4
DA:21,4
DA:24,9
DA:27,9
DA:28,9
DA:36,9
DA:37,0
DA:40,9
DA:41,9
DA:42,7
DA:43,7
DA:44,7
DA:46,2
DA:47,2
DA:52,5
DA:53,5
DA:57,1
DA:58,1
DA:62,2
DA:63,2
DA:67,3
DA:68,2
DA:75,1
DA:76,1
DA:77,1
DA:79,1
DA:83,11
DA:84,1
DA:89,4
DA:90,4
LF:36
LH:35
BRDA:14,0,0,2
BRDA:27,1,0,5
BRDA:28,2,0,8
BRDA:36,3,0,0
BRDA:75,4,0,1
BRDA:83,5,0,1
BRF:6
BRH:5
end_of_record
TN:
SF:src\keys\secret-key.ts
FN:9,decodeSecretKey
FN:39,zeroizeBuffer
FNF:2
FNH:2
FNDA:11,decodeSecretKey
FNDA:1,zeroizeBuffer
DA:1,5
DA:3,5
DA:4,5
DA:9,5
DA:10,11
DA:12,11
DA:13,8
DA:16,3
DA:17,1
DA:18,1
DA:19,1
DA:20,0
DA:22,1
DA:25,2
DA:26,0
DA:27,0
DA:28,0
DA:29,0
DA:36,2
DA:39,5
DA:40,1
LF:21
LH:16
BRDA:12,0,0,8
BRDA:16,1,0,1
BRDA:17,2,0,0
BRDA:17,2,1,1
BRDA:19,3,0,0
BRDA:25,4,0,0
BRDA:25,5,0,2
BRDA:25,5,1,2
BRDA:28,6,0,0
BRF:9
BRH:5
end_of_record
TN:
SF:src\keys\secrets-adapters.ts
FN:5,(anonymous_0)
FN:7,(anonymous_1)
FN:18,(anonymous_2)
FN:20,(anonymous_3)
FN:31,(anonymous_4)
FN:33,(anonymous_5)
FNF:6
FNH:0
FNDA:0,(anonymous_0)
FNDA:0,(anonymous_1)
FNDA:0,(anonymous_2)
FNDA:0,(anonymous_3)
FNDA:0,(anonymous_4)
FNDA:0,(anonymous_5)
DA:4,4
DA:5,0
DA:8,0
DA:9,0
DA:10,0
DA:17,4
DA:18,0
DA:21,0
DA:22,0
DA:23,0
DA:30,4
DA:31,0
DA:34,0
DA:35,0
DA:36,0
LF:15
LH:3
BRDA:31,0,0,0
BRF:1
BRH:0
end_of_record
TN:
SF:src\listener\event-listener.service.ts
FN:32,(anonymous_0)
FN:43,(anonymous_1)
FN:43,(anonymous_2)
FN:50,(anonymous_3)
FN:61,(anonymous_4)
FN:113,(anonymous_5)
FN:130,(anonymous_6)
FN:134,(anonymous_7)
FNF:8
FNH:6
FNDA:5,(anonymous_0)
FNDA:0,(anonymous_1)
FNDA:0,(anonymous_2)
FNDA:4,(anonymous_3)
FNDA:4,(anonymous_4)
FNDA:4,(anonymous_5)
FNDA:4,(anonymous_6)
FNDA:3,(anonymous_7)
DA:1,2
DA:22,2
DA:29,5
DA:30,5
DA:33,5
DA:34,5
DA:35,5
DA:39,5
DA:40,5
DA:41,5
DA:43,5
DA:44,5
DA:45,5
DA:47,5
DA:51,4
DA:52,4
DA:53,0
DA:54,0
DA:57,4
DA:58,4
DA:62,4
DA:63,0
DA:65,4
DA:67,4
DA:70,7
DA:71,7
DA:82,4
DA:83,4
DA:84,4
DA:86,4
DA:87,4
DA:90,3
DA:92,3
DA:93,2
DA:94,2
DA:95,0
DA:98,2
DA:99,1
DA:107,3
DA:108,3
DA:109,3
DA:114,4
DA:115,0
DA:118,4
DA:131,4
DA:137,3
DA:138,3
DA:139,0
DA:142,3
DA:143,3
DA:144,0
DA:147,3
DA:148,0
DA:151,3
DA:152,3
DA:153,3
DA:155,3
DA:156,9
DA:157,9
DA:158,9
DA:159,3
DA:160,6
DA:161,3
DA:162,3
DA:163,3
DA:167,3
LF:66
LH:58
BRDA:36,0,0,1
BRDA:39,1,0,5
BRDA:39,1,1,5
BRDA:39,1,2,5
BRDA:42,2,0,5
BRDA:42,2,1,1
BRDA:42,3,0,1
BRDA:42,3,1,1
BRDA:43,4,0,5
BRDA:43,4,1,1
BRDA:46,5,0,5
BRDA:46,5,1,3
BRDA:46,6,0,3
BRDA:46,6,1,3
BRDA:52,7,0,0
BRDA:62,8,0,0
BRDA:83,9,0,4
BRDA:94,10,0,0
BRDA:98,11,0,1
BRDA:114,12,0,0
BRDA:125,13,0,4
BRDA:125,13,1,0
BRDA:138,14,0,0
BRDA:143,15,0,0
BRDA:147,16,0,0
BRDA:155,17,0,3
BRDA:155,17,1,0
BRDA:158,18,0,3
BRDA:158,18,1,6
BRDA:160,19,0,3
BRDA:160,19,1,3
BRDA:162,20,0,3
BRF:32
BRH:23
end_of_record
TN:
SF:src\listener\ledger-checkpoint.ts
FN:10,(anonymous_9)
FN:12,(anonymous_10)
FN:25,(anonymous_11)
FN:34,(anonymous_12)
FN:38,(anonymous_13)
FNF:5
FNH:2
FNDA:0,(anonymous_9)
FNDA:0,(anonymous_10)
FNDA:0,(anonymous_11)
FNDA:14,(anonymous_12)
FNDA:14,(anonymous_13)
DA:1,3
DA:2,3
DA:9,3
DA:10,0
DA:13,0
DA:14,0
DA:15,0
DA:16,0
DA:18,0
DA:19,0
DA:21,0
DA:26,0
DA:27,0
DA:31,3
DA:35,14
DA:39,14
LF:16
LH:6
BRDA:16,0,0,0
BRDA:16,0,1,0
BRDA:18,1,0,0
BRF:3
BRH:0
end_of_record
TN:
SF:src\queue\request-queue.ts
FN:22,(anonymous_0)
FN:28,(anonymous_1)
FN:33,(anonymous_2)
FN:40,(anonymous_3)
FN:48,(anonymous_4)
FNF:5
FNH:5
FNDA:18,(anonymous_0)
FNDA:20,(anonymous_1)
FNDA:10,(anonymous_2)
FNDA:7,(anonymous_3)
FNDA:4,(anonymous_4)
DA:15,4
DA:16,18
DA:17,18
DA:23,18
DA:24,18
DA:25,18
DA:29,20
DA:30,20
DA:34,10
DA:35,10
DA:36,10
DA:37,10
DA:41,7
DA:49,4
DA:50,1
DA:53,3
DA:54,3
DA:55,1
DA:63,3
DA:64,3
DA:65,1
DA:66,1
LF:22
LH:22
BRDA:22,0,0,14
BRDA:24,1,0,18
BRDA:24,1,1,14
BRDA:24,2,0,14
BRDA:24,2,1,14
BRDA:25,3,0,18
BRDA:25,3,1,14
BRDA:25,4,0,14
BRDA:25,4,1,14
BRDA:48,5,0,2
BRDA:49,6,0,1
BRDA:54,7,0,1
BRDA:64,8,0,1
BRDA:64,9,0,3
BRDA:64,9,1,3
BRF:15
BRH:15
end_of_record
TN:
SF:src\shutdown\graceful-shutdown.ts
FN:64,(anonymous_0)
FN:70,(anonymous_1)
FN:71,(anonymous_2)
FN:72,(anonymous_3)
FN:73,(anonymous_4)
FN:82,(anonymous_5)
FN:85,(anonymous_6)
FN:90,(anonymous_7)
FN:91,(anonymous_8)
FN:98,(anonymous_9)
FN:111,(anonymous_10)
FN:158,(anonymous_11)
FNF:12
FNH:8
FNDA:8,(anonymous_0)
FNDA:2,(anonymous_1)
FNDA:0,(anonymous_2)
FNDA:7,(anonymous_3)
FNDA:7,(anonymous_4)
FNDA:8,(anonymous_5)
FNDA:0,(anonymous_6)
FNDA:0,(anonymous_7)
FNDA:0,(anonymous_8)
FNDA:9,(anonymous_9)
FNDA:1,(anonymous_10)
FNDA:8,(anonymous_11)
DA:51,1
DA:62,8
DA:65,8
DA:66,8
DA:69,8
DA:70,8
DA:71,8
DA:72,8
DA:73,8
DA:83,8
DA:85,8
DA:86,0
DA:87,0
DA:90,8
DA:91,8
DA:101,9
DA:102,1
DA:104,8
DA:107,8
DA:110,8
DA:111,8
DA:112,1
DA:113,1
DA:116,1
DA:120,8
DA:121,7
DA:124,8
DA:125,8
DA:127,0
DA:130,7
DA:131,7
DA:135,7
DA:136,7
DA:137,7
DA:138,5
DA:139,5
DA:142,0
DA:146,7
DA:147,7
DA:148,7
DA:159,8
DA:160,8
DA:161,3
DA:163,5
DA:165,5
DA:166,11
DA:167,11
DA:168,9
DA:169,8
DA:173,1
DA:178,1
LF:51
LH:47
BRDA:67,0,0,0
BRDA:69,1,0,8
BRDA:69,1,1,0
BRDA:70,2,0,8
BRDA:70,2,1,4
BRDA:71,3,0,8
BRDA:71,3,1,0
BRDA:72,4,0,8
BRDA:72,4,1,7
BRDA:73,5,0,8
BRDA:73,5,1,7
BRDA:101,6,0,1
BRDA:120,7,0,7
BRDA:130,8,0,7
BRDA:137,9,0,5
BRDA:146,10,0,7
BRDA:160,11,0,3
BRDA:168,12,0,8
BRDA:168,12,1,1
BRF:19
BRH:16
end_of_record
TN:
SF:src\tx\tx-submitter.service.ts
FN:40,(anonymous_0)
FN:55,(anonymous_1)
FN:55,(anonymous_2)
FN:58,(anonymous_3)
FN:92,(anonymous_4)
FN:144,(anonymous_5)
FN:159,(anonymous_6)
FN:175,(anonymous_7)
FN:178,(anonymous_8)
FNF:9
FNH:6
FNDA:3,(anonymous_0)
FNDA:0,(anonymous_1)
FNDA:0,(anonymous_2)
FNDA:5,(anonymous_3)
FNDA:5,(anonymous_4)
FNDA:0,(anonymous_5)
FNDA:5,(anonymous_6)
FNDA:60,(anonymous_7)
FNDA:5,(anonymous_8)
DA:1,2
DA:12,2
DA:13,2
DA:31,2
DA:38,3
DA:41,3
DA:45,3
DA:46,0
DA:48,3
DA:49,3
DA:50,3
DA:52,3
DA:53,3
DA:55,3
DA:61,5
DA:62,5
DA:63,5
DA:64,0
DA:65,0
DA:67,5
DA:68,5
DA:70,5
DA:72,5
DA:73,5
DA:76,0
DA:77,0
DA:80,0
DA:81,0
DA:82,0
DA:87,0
DA:93,5
DA:94,5
DA:95,0
DA:96,0
DA:98,0
DA:99,0
DA:107,0
DA:115,0
DA:116,0
DA:117,0
DA:120,0
DA:121,0
DA:123,0
DA:124,0
DA:125,0
DA:128,0
DA:129,0
DA:131,0
DA:132,0
DA:133,0
DA:134,0
DA:137,0
DA:138,0
DA:141,0
DA:149,0
DA:150,0
DA:151,0
DA:152,0
DA:154,0
DA:156,0
DA:160,5
DA:175,60
DA:179,5
DA:180,5
DA:181,1
DA:184,4
LF:66
LH:29
BRDA:42,0,0,0
BRDA:45,1,0,0
BRDA:48,2,0,3
BRDA:48,2,1,3
BRDA:48,2,2,3
BRDA:51,3,0,3
BRDA:51,3,1,3
BRDA:51,3,2,3
BRDA:54,4,0,3
BRDA:54,4,1,0
BRDA:54,5,0,0
BRDA:54,5,1,0
BRDA:55,6,0,3
BRDA:55,6,1,0
BRDA:67,7,0,5
BRDA:67,7,1,0
BRDA:72,8,0,5
BRDA:76,9,0,0
BRDA:76,10,0,0
BRDA:76,10,1,0
BRDA:80,11,0,0
BRDA:95,12,0,0
BRDA:95,12,1,0
BRDA:116,13,0,0
BRDA:124,14,0,0
BRDA:125,15,0,0
BRDA:125,15,1,0
BRDA:131,16,0,0
BRDA:137,17,0,0
BRDA:146,18,0,0
BRDA:147,19,0,0
BRDA:151,20,0,0
BRDA:180,21,0,1
BRDA:180,22,0,5
BRDA:180,22,1,5
BRF:35
BRH:13
end_of_record
TN:
SF:src\vrf\proof-message.ts
FN:11,buildProofMessage
FN:31,buildVrfProofMessage
FNF:2
FNH:2
FNDA:24,buildProofMessage
FNDA:4,buildVrfProofMessage
DA:1,4
DA:11,4
DA:12,24
DA:13,1
DA:15,23
DA:16,1
DA:18,22
DA:20,22
DA:21,22
DA:22,22
DA:23,22
DA:24,22
DA:31,4
DA:36,4
DA:37,4
DA:42,4
LF:16
LH:16
BRDA:12,0,0,1
BRDA:15,1,0,1
BRF:2
BRH:2
end_of_record
TN:
SF:src\vrf\vrf.service.ts
FN:12,(anonymous_0)
FN:17,(anonymous_1)
FNF:2
FNH:2
FNDA:1,(anonymous_0)
FNDA:1,(anonymous_1)
DA:2,2
DA:11,2
DA:12,1
DA:22,1
DA:23,1
DA:25,1
LF:6
LH:6
BRF:0
BRH:0
end_of_record
